#
# A fatal error has been detected by the Java Runtime Environment:
#
#  SIGBUS (0xa) at pc=0x000000010a3654f0, pid=10498, tid=36611
#
# JRE version: OpenJDK Runtime Environment Temurin-17.0.4.1+1 (17.0.4.1+1) (build 17.0.4.1+1)
# Java VM: OpenJDK 64-Bit Server VM Temurin-17.0.4.1+1 (17.0.4.1+1, mixed mode, tiered, compressed oops, compressed class ptrs, g1 gc, bsd-aarch64)
# Problematic frame:
# v  ~StubRoutines::SafeFetchN
#
# No core dump will be written. Core dumps have been disabled. To enable core dumping, try "ulimit -c unlimited" before starting Java again
#
# If you would like to submit a bug report, please visit:
#   https://github.com/adoptium/adoptium-support/issues
# The crash happened outside the Java Virtual Machine in native code.
# See problematic frame for where to report the bug.
#

---------------  S U M M A R Y ------------

Command Line: --module-path=/Users/yuri/.m2/repository/org/openjfx/javafx-base/17/javafx-base-17-mac-aarch64.jar:/Users/yuri/.m2/repository/org/openjfx/javafx-base/17/javafx-base-17.jar:/Users/yuri/.m2/repository/org/openjfx/javafx-controls/17/javafx-controls-17-mac-aarch64.jar:/Users/yuri/.m2/repository/org/openjfx/javafx-controls/17/javafx-controls-17.jar:/Users/yuri/.m2/repository/org/openjfx/javafx-fxml/17/javafx-fxml-17-mac-aarch64.jar:/Users/yuri/.m2/repository/org/openjfx/javafx-fxml/17/javafx-fxml-17.jar:/Users/yuri/.m2/repository/org/openjfx/javafx-graphics/17/javafx-graphics-17-mac-aarch64.jar:/Users/yuri/.m2/repository/org/openjfx/javafx-graphics/17/javafx-graphics-17.jar --add-modules=javafx.base,javafx.base,javafx.controls,javafx.controls,javafx.fxml,javafx.fxml,javafx.graphics,javafx.graphics space.harbour.tictactoe.TicTacToeApp

Host: "Mac14,2" arm64, 8 cores, 8G, Darwin 21.6.0, macOS 12.6 (21G115)
Time: Wed Oct 26 17:21:55 2022 CEST elapsed time: 2.949226 seconds (0d 0h 0m 2s)

---------------  T H R E A D  ---------------

Current thread (0x000000013712d400):  JavaThread "InvokeLaterDispatcher" daemon [_thread_in_native, id=36611, stack(0x0000000171ff8000,0x00000001721fb000)]

Stack: [0x0000000171ff8000,0x00000001721fb000],  sp=0x00000001721fa780,  free space=2057k
Native frames: (J=compiled Java code, j=interpreted, Vv=VM code, C=native code)
v  ~StubRoutines::SafeFetchN
V  [libjvm.dylib+0x7be89c]  OopStorage::release(oopDesc* const*)+0x20
V  [libjvm.dylib+0x4c84d0]  jni_DeleteGlobalRef+0xd8
C  [libglass.dylib+0xab08]  -[GlassRunnable dealloc]+0x34
C  [Foundation+0x852b8]  -[_NSThreadPerformInfo dealloc]+0x30
C  [Foundation+0x51824]  -[NSObject(NSThreadPerformAdditions) performSelectorOnMainThread:withObject:waitUntilDone:]+0x88
C  0xc94b00010a36d8ac
j  com.sun.glass.ui.mac.MacApplication.submitForLaterInvocation(Ljava/lang/Runnable;)V+2 javafx.graphics
j  com.sun.glass.ui.InvokeLaterDispatcher.run()V+82 javafx.graphics
v  ~StubRoutines::call_stub
V  [libjvm.dylib+0x46c9f0]  JavaCalls::call_helper(JavaValue*, methodHandle const&, JavaCallArguments*, JavaThread*)+0x38c
V  [libjvm.dylib+0x46ba0c]  JavaCalls::call_virtual(JavaValue*, Klass*, Symbol*, Symbol*, JavaCallArguments*, JavaThread*)+0x11c
V  [libjvm.dylib+0x46bad8]  JavaCalls::call_virtual(JavaValue*, Handle, Klass*, Symbol*, Symbol*, JavaThread*)+0x64
V  [libjvm.dylib+0x524d68]  thread_entry(JavaThread*, JavaThread*)+0xc4
V  [libjvm.dylib+0x9a6c74]  JavaThread::thread_main_inner()+0x150
V  [libjvm.dylib+0x9a52fc]  Thread::call_run()+0x128
V  [libjvm.dylib+0x7c57bc]  thread_native_entry(Thread*)+0x158
C  [libsystem_pthread.dylib+0x726c]  _pthread_start+0x94

Java frames: (J=compiled Java code, j=interpreted, Vv=VM code)
j  com.sun.glass.ui.mac.MacApplication._submitForLaterInvocation(Ljava/lang/Runnable;)V+0 javafx.graphics
j  com.sun.glass.ui.mac.MacApplication.submitForLaterInvocation(Ljava/lang/Runnable;)V+2 javafx.graphics
j  com.sun.glass.ui.InvokeLaterDispatcher.run()V+82 javafx.graphics
v  ~StubRoutines::call_stub

siginfo: si_signo: 10 (SIGBUS), si_code: 1 (BUS_ADRALN), si_addr: 0x000000010a3654f0

Register to memory mapping:

 x0=0x0000000148007b48 is a global jni handle
 x1=0x0 is NULL
 x2=0x00000007877c5308 is an oop: com.sun.glass.ui.InvokeLaterDispatcher$Future 
{0x00000007877c5308} - klass: 'com/sun/glass/ui/InvokeLaterDispatcher$Future'
 - ---- fields (total size 3 words):
 - private 'done' 'Z' @12  true
 - private final 'runnable' 'Ljava/lang/Runnable;' @16  a 'com/sun/javafx/tk/quantum/QuantumToolkit$$Lambda$94+0x00000008000f8000'{0x0000000786730908} (f0ce6121)
 - final synthetic 'this$0' 'Lcom/sun/glass/ui/InvokeLaterDispatcher;' @20  a 'com/sun/glass/ui/InvokeLaterDispatcher'{0x0000000786815628} (f0d02ac5)
 x3=0x0 is NULL
 x4=0x00000000000130a8 is an unknown value
 x5=0x0 is NULL
 x6=0x0 is NULL
 x7=0x0 is NULL
 x8=0x000000010a3654ec is at begin+0 in a stub
StubRoutines::SafeFetchN [0x000000010a3654ec, 0x000000010a3654f8] (12 bytes)
 x9=0x0 is NULL
x10=0x2010000030300000 is an unknown value
x11=0x0000000000000007 is an unknown value
x12=0x0000000000000005 is an unknown value
x13=0x0000600003136340 points into unknown readable memory: 0x0a668001326ea9e8 | e8 a9 6e 32 01 80 66 0a
x14=0x0000040000000000 is an unknown value
x15=0x0000000132725f98: OBJC_CLASS_$_GlassRunnable+0 in /Users/yuri/.openjfx/cache/17/libglass.dylib at 0x00000001326e0000
x16=0x000000019782b0fc: pthread_getspecific+0 in /usr/lib/system/libsystem_pthread.dylib at 0x0000000197829000
x17=0x0000600003439880 points into unknown readable memory: 0xfffffffffffffffe | fe ff ff ff ff ff ff ff
x18=0x0 is NULL
x19=0x00006000034345b0 points into unknown readable memory: 0x0000600001d00500 | 00 05 d0 01 00 60 00 00
x20=0x0000000148007940 points into unknown readable memory: 0x0000000000000000 | 00 00 00 00 00 00 00 00
x21=0x0000000148007b48 is a global jni handle
x22=0x000000013712d400 is a thread
x23=0x0000000000000001 is an unknown value
x24=0x0000000148007b00 is a global jni handle
x25=0x0000000102538ae8: _ZN12StubRoutines17_safefetchN_entryE+0 in /Library/Java/JavaVirtualMachines/temurin-17.jdk/Contents/Home/lib/server/libjvm.dylib at 0x00000001018d0000
x26=0x00000001338282b8 is pointing into metadata
x27=0x0 is NULL
x28=0x000000013712d400 is a thread


Registers:
 x0=0x0000000148007b48  x1=0x0000000000000000  x2=0x00000007877c5308  x3=0x0000000000000000
 x4=0x00000000000130a8  x5=0x0000000000000000  x6=0x0000000000000000  x7=0x0000000000000000
 x8=0x000000010a3654ec  x9=0x0000000000000000 x10=0x2010000030300000 x11=0x0000000000000007
x12=0x0000000000000005 x13=0x0000600003136340 x14=0x0000040000000000 x15=0x0000000132725f98
x16=0x000000019782b0fc x17=0x0000600003439880 x18=0x0000000000000000 x19=0x00006000034345b0
x20=0x0000000148007940 x21=0x0000000148007b48 x22=0x000000013712d400 x23=0x0000000000000001
x24=0x0000000148007b00 x25=0x0000000102538ae8 x26=0x00000001338282b8 x27=0x0000000000000000
x28=0x000000013712d400  fp=0x00000001721fa7c0  lr=0x000000010208d66c  sp=0x00000001721fa780
pc=0x000000010a3654f0 cpsr=0x0000000060001000
Top of Stack: (sp=0x00000001721fa780)
0x00000001721fa780:   00000001338282b8 0000000000000001
0x00000001721fa790:   00000001721fa988 0000000000000000
0x00000001721fa7a0:   0000000148929ca8 0000000148007b00
0x00000001721fa7b0:   0000000148007b00 00006000034345b0
0x00000001721fa7c0:   00000001721fa800 000000010208e89c
0x00000001721fa7d0:   0000000000000001 0000000148007b00
0x00000001721fa7e0:   0000000148929ca8 0000000148007b00
0x00000001721fa7f0:   0000000000000001 0000000148929a00
0x00000001721fa800:   00000001721fa840 0000000101d984d0
0x00000001721fa810:   00000001721fa988 0000600001d50080
0x00000001721fa820:   0000600001d50060 00000001e1b6d909
0x00000001721fa830:   0000000000000000 0000600001d50060
0x00000001721fa840:   00000001721fa870 00000001326eab08
0x00000001721fa850:   56beb7d900ec0031 0000000000000000
0x00000001721fa860:   0000000000000000 0000600000a10200
0x00000001721fa870:   00000001721fa8b0 00000001988012b8
0x00000001721fa880:   00000001721fa988 0000600001d50080
0x00000001721fa890:   0000600001d50060 56beb7d900ec0031
0x00000001721fa8a0:   0000000000000000 0000000000000000
0x00000001721fa8b0:   00000001721fa8f0 494e0001987cd824
0x00000001721fa8c0:   00000001721fa988 000000010a36c7c0
0x00000001721fa8d0:   0000000000000000 00000001025404a8
0x00000001721fa8e0:   00000001721fa900 000000010a36b730
0x00000001721fa8f0:   00000001721fa960 c94b00010a36d8ac
0x00000001721fa900:   00000001721fa900 000000011f5a153d
0x00000001721fa910:   00000001721fa910 0000000000000000
0x00000001721fa920:   00000001721fa988 00000001338282b8
0x00000001721fa930:   0000000786814938 0000000000000000
0x00000001721fa940:   0000000000000000 0000000133807138
0x00000001721fa950:   0000000000000000 00000001721fa960
0x00000001721fa960:   00000001721fa9e0 000000010a369fc8
0x00000001721fa970:   0000000000000000 0000000000000000 

Instructions: (pc=0x000000010a3654f0)
0x000000010a3653f0:   f2a04a09 f2c00029 6d425935 1e640886
0x000000010a365400:   0c402d31 1e6408c7 1f5654d0 1e6c1017
0x000000010a365410:   1f5050d0 1f504cd0 1f5048d0 1e650af6
0x000000010a365420:   1f50d8f6 1f5694d6 1f5158f6 1e762880
0x000000010a365430:   36000501 1e614000 14000026 2e251ca5
0x000000010a365440:   d28a3009 f2a04a09 f2c00029 6d425d36
0x000000010a365450:   1e600806 0c402d32 1f5758c7 1e6c101a
0x000000010a365460:   1f4754c7 1e650805 1f4750c7 d2866668
0x000000010a365470:   f2a7fa68 1f474cc7 1e6608c0 1f4748c7
0x000000010a365480:   1e6e1019 eb08007f 540000ac 1f479400
0x000000010a365490:   1f460340 1e603b20 1400000e d2a7fd29
0x000000010a3654a0:   eb09007f 540000ac 51480069 d3607d29
0x000000010a3654b0:   9e670121 14000002 1e6a5001 1f679417
0x000000010a3654c0:   1f668742 1e613b23 1e773857 1e773860
0x000000010a3654d0:   a8c17ff3 910003bf a8c17bfd d65f03c0
0x000000010a3654e0:   b9400001 aa0103e0 d65f03c0 f9400001
0x000000010a3654f0:   aa0103e0 d65f03c0 00000000 00000000
0x000000010a365500:   00000000 00000000 00000000 00000000
0x000000010a365510:   00000000 00000000 00000000 00000000
0x000000010a365520:   00000000 00000000 00000000 00000000
0x000000010a365530:   00000000 00000000 00000000 00000000
0x000000010a365540:   00000000 00000000 00000000 00000000
0x000000010a365550:   00000000 00000000 00000000 00000000
0x000000010a365560:   00000000 00000000 00000000 00000000
0x000000010a365570:   00000000 00000000 00000000 00000000
0x000000010a365580:   00000000 00000000 00000000 00000000
0x000000010a365590:   00000000 00000000 00000000 00000000
0x000000010a3655a0:   00000000 00000000 00000000 00000000
0x000000010a3655b0:   00000000 00000000 00000000 00000000
0x000000010a3655c0:   00000000 00000000 00000000 00000000
0x000000010a3655d0:   00000000 00000000 00000000 00000000
0x000000010a3655e0:   00000000 00000000 00000000 00000000 


Stack slot to memory mapping:
stack at sp + 0 slots: 0x00000001338282b8 is pointing into metadata
stack at sp + 1 slots: 0x0000000000000001 is an unknown value
stack at sp + 2 slots: 0x00000001721fa988 is pointing into the stack for thread: 0x000000013712d400
stack at sp + 3 slots: 0x0 is NULL
stack at sp + 4 slots: 0x0000000148929ca8 points into unknown readable memory: 0x00000001024f28a8 | a8 28 4f 02 01 00 00 00
stack at sp + 5 slots: 0x0000000148007b00 is a global jni handle
stack at sp + 6 slots: 0x0000000148007b00 is a global jni handle
stack at sp + 7 slots: 0x00006000034345b0 points into unknown readable memory: 0x0000600001d00500 | 00 05 d0 01 00 60 00 00

StubRoutines::SafeFetchN [0x000000010a3654ec, 0x000000010a3654f8] (12 bytes)
[MachCode]
  0x000000010a3654ec: 0100 40f9 | e003 01aa | c003 5fd6 
[/MachCode]

---------------  P R O C E S S  ---------------

Threads class SMR info:
_java_thread_list=0x0000600001f80c40, length=16, elements={
0x0000000137008200, 0x0000000137010e00, 0x0000000147008c00, 0x000000014780aa00,
0x0000000137013600, 0x0000000137013c00, 0x0000000137014200, 0x0000000130008200,
0x000000014782ac00, 0x000000014708a800, 0x00000001370c0c00, 0x0000000148901600,
0x000000013712d400, 0x0000000148929a00, 0x00000001489b3400, 0x00000001489b2400
}

Java Threads: ( => current thread )
  0x0000000137008200 JavaThread "main" [_thread_blocked, id=9987, stack(0x000000016f7fc000,0x000000016f9ff000)]
  0x0000000137010e00 JavaThread "Reference Handler" daemon [_thread_blocked, id=16899, stack(0x0000000170650000,0x0000000170853000)]
  0x0000000147008c00 JavaThread "Finalizer" daemon [_thread_blocked, id=17155, stack(0x000000017085c000,0x0000000170a5f000)]
  0x000000014780aa00 JavaThread "Signal Dispatcher" daemon [_thread_blocked, id=42243, stack(0x0000000170b80000,0x0000000170d83000)]
  0x0000000137013600 JavaThread "Service Thread" daemon [_thread_blocked, id=41731, stack(0x0000000170d8c000,0x0000000170f8f000)]
  0x0000000137013c00 JavaThread "Monitor Deflation Thread" daemon [_thread_blocked, id=22787, stack(0x0000000170f98000,0x000000017119b000)]
  0x0000000137014200 JavaThread "C2 CompilerThread0" daemon [_thread_blocked, id=23299, stack(0x00000001711a4000,0x00000001713a7000)]
  0x0000000130008200 JavaThread "C1 CompilerThread0" daemon [_thread_blocked, id=23811, stack(0x00000001713b0000,0x00000001715b3000)]
  0x000000014782ac00 JavaThread "Sweeper thread" daemon [_thread_blocked, id=40963, stack(0x00000001715bc000,0x00000001717bf000)]
  0x000000014708a800 JavaThread "Common-Cleaner" daemon [_thread_blocked, id=40707, stack(0x00000001717c8000,0x00000001719cb000)]
  0x00000001370c0c00 JavaThread "Notification Thread" daemon [_thread_blocked, id=40451, stack(0x00000001719d4000,0x0000000171bd7000)]
  0x0000000148901600 JavaThread "QuantumRenderer-0" daemon [_thread_blocked, id=25091, stack(0x0000000171dec000,0x0000000171fef000)]
=>0x000000013712d400 JavaThread "InvokeLaterDispatcher" daemon [_thread_in_native, id=36611, stack(0x0000000171ff8000,0x00000001721fb000)]
  0x0000000148929a00 JavaThread "JavaFX Application Thread" [_thread_in_vm, id=259, stack(0x000000016ef74000,0x000000016f770000)]
  0x00000001489b3400 JavaThread "JavaFX-Launcher" [_thread_blocked, id=53255, stack(0x000000017231c000,0x000000017251f000)]
  0x00000001489b2400 JavaThread "PulseTimer-CVDisplayLink thread" daemon [_thread_in_native, id=52999, stack(0x0000000172290000,0x0000000172313000)]

Other Threads:
  0x0000000146f064c0 VMThread "VM Thread" [stack: 0x0000000170444000,0x0000000170647000] [id=16131]
  0x0000000136e29380 WatcherThread [stack: 0x0000000171be0000,0x0000000171de3000] [id=24579]
  0x00000001480062d0 GCTaskThread "GC Thread#0" [stack: 0x000000016fa08000,0x000000016fc0b000] [id=20227]
  0x0000000146e19f80 GCTaskThread "GC Thread#1" [stack: 0x00000001725b4000,0x00000001727b7000] [id=56579]
  0x0000000136e50a90 GCTaskThread "GC Thread#2" [stack: 0x00000001727c0000,0x00000001729c3000] [id=75779]
  0x0000000136e51300 GCTaskThread "GC Thread#3" [stack: 0x00000001729cc000,0x0000000172bcf000] [id=75267]
  0x0000000136e51b70 GCTaskThread "GC Thread#4" [stack: 0x0000000172bd8000,0x0000000172ddb000] [id=74755]
  0x0000000136e523e0 GCTaskThread "GC Thread#5" [stack: 0x0000000172de4000,0x0000000172fe7000] [id=56835]
  0x000000014803a3a0 GCTaskThread "GC Thread#6" [stack: 0x0000000172ff0000,0x00000001731f3000] [id=57347]
  0x0000000148006980 ConcurrentGCThread "G1 Main Marker" [stack: 0x000000016fc14000,0x000000016fe17000] [id=13059]
  0x0000000148007200 ConcurrentGCThread "G1 Conc#0" [stack: 0x000000016fe20000,0x0000000170023000] [id=19971]
  0x0000000146e06dc0 ConcurrentGCThread "G1 Refine#0" [stack: 0x000000017002c000,0x000000017022f000] [id=14083]
  0x0000000146e07660 ConcurrentGCThread "G1 Service" [stack: 0x0000000170238000,0x000000017043b000] [id=14339]

Threads with active compile tasks:

VM state: not at safepoint (normal execution)

VM Mutex/Monitor currently owned by a thread: None

Heap address: 0x0000000780000000, size: 2048 MB, Compressed Oops mode: Zero based, Oop shift amount: 3

CDS archive(s) not mapped
Compressed class space mapped at: 0x0000000800000000-0x0000000840000000, reserved size: 1073741824
Narrow klass base: 0x0000000800000000, Narrow klass shift: 0, Narrow klass range: 0x40000000

GC Precious Log:
 CPUs: 8 total, 8 available
 Memory: 8192M
 Large Page Support: Disabled
 NUMA Support: Disabled
 Compressed Oops: Enabled (Zero based)
 Heap Region Size: 1M
 Heap Min Capacity: 8M
 Heap Initial Capacity: 128M
 Heap Max Capacity: 2G
 Pre-touch: Disabled
 Parallel Workers: 8
 Concurrent Workers: 2
 Concurrent Refinement Workers: 8
 Periodic GC: Disabled

Heap:
 garbage-first heap   total 131072K, used 14939K [0x0000000780000000, 0x0000000800000000)
  region size 1024K, 15 young (15360K), 3 survivors (3072K)
 Metaspace       used 17300K, committed 17536K, reserved 1064960K
  class space    used 2028K, committed 2176K, reserved 1048576K

Heap Regions: E=young(eden), S=young(survivor), O=old, HS=humongous(starts), HC=humongous(continues), CS=collection set, F=free, OA=open archive, CA=closed archive, TAMS=top-at-mark-start (previous, next)
|   0|0x0000000780000000, 0x0000000780096c00, 0x0000000780100000| 58%| O|  |TAMS 0x0000000780000000, 0x0000000780000000| Untracked 
|   1|0x0000000780100000, 0x0000000780100000, 0x0000000780200000|  0%| F|  |TAMS 0x0000000780100000, 0x0000000780100000| Untracked 
|   2|0x0000000780200000, 0x0000000780200000, 0x0000000780300000|  0%| F|  |TAMS 0x0000000780200000, 0x0000000780200000| Untracked 
|   3|0x0000000780300000, 0x0000000780300000, 0x0000000780400000|  0%| F|  |TAMS 0x0000000780300000, 0x0000000780300000| Untracked 
|   4|0x0000000780400000, 0x0000000780400000, 0x0000000780500000|  0%| F|  |TAMS 0x0000000780400000, 0x0000000780400000| Untracked 
|   5|0x0000000780500000, 0x0000000780500000, 0x0000000780600000|  0%| F|  |TAMS 0x0000000780500000, 0x0000000780500000| Untracked 
|   6|0x0000000780600000, 0x0000000780600000, 0x0000000780700000|  0%| F|  |TAMS 0x0000000780600000, 0x0000000780600000| Untracked 
|   7|0x0000000780700000, 0x0000000780700000, 0x0000000780800000|  0%| F|  |TAMS 0x0000000780700000, 0x0000000780700000| Untracked 
|   8|0x0000000780800000, 0x0000000780800000, 0x0000000780900000|  0%| F|  |TAMS 0x0000000780800000, 0x0000000780800000| Untracked 
|   9|0x0000000780900000, 0x0000000780900000, 0x0000000780a00000|  0%| F|  |TAMS 0x0000000780900000, 0x0000000780900000| Untracked 
|  10|0x0000000780a00000, 0x0000000780a00000, 0x0000000780b00000|  0%| F|  |TAMS 0x0000000780a00000, 0x0000000780a00000| Untracked 
|  11|0x0000000780b00000, 0x0000000780b00000, 0x0000000780c00000|  0%| F|  |TAMS 0x0000000780b00000, 0x0000000780b00000| Untracked 
|  12|0x0000000780c00000, 0x0000000780c00000, 0x0000000780d00000|  0%| F|  |TAMS 0x0000000780c00000, 0x0000000780c00000| Untracked 
|  13|0x0000000780d00000, 0x0000000780d00000, 0x0000000780e00000|  0%| F|  |TAMS 0x0000000780d00000, 0x0000000780d00000| Untracked 
|  14|0x0000000780e00000, 0x0000000780e00000, 0x0000000780f00000|  0%| F|  |TAMS 0x0000000780e00000, 0x0000000780e00000| Untracked 
|  15|0x0000000780f00000, 0x0000000780f00000, 0x0000000781000000|  0%| F|  |TAMS 0x0000000780f00000, 0x0000000780f00000| Untracked 
|  16|0x0000000781000000, 0x0000000781000000, 0x0000000781100000|  0%| F|  |TAMS 0x0000000781000000, 0x0000000781000000| Untracked 
|  17|0x0000000781100000, 0x0000000781100000, 0x0000000781200000|  0%| F|  |TAMS 0x0000000781100000, 0x0000000781100000| Untracked 
|  18|0x0000000781200000, 0x0000000781200000, 0x0000000781300000|  0%| F|  |TAMS 0x0000000781200000, 0x0000000781200000| Untracked 
|  19|0x0000000781300000, 0x0000000781300000, 0x0000000781400000|  0%| F|  |TAMS 0x0000000781300000, 0x0000000781300000| Untracked 
|  20|0x0000000781400000, 0x0000000781400000, 0x0000000781500000|  0%| F|  |TAMS 0x0000000781400000, 0x0000000781400000| Untracked 
|  21|0x0000000781500000, 0x0000000781500000, 0x0000000781600000|  0%| F|  |TAMS 0x0000000781500000, 0x0000000781500000| Untracked 
|  22|0x0000000781600000, 0x0000000781600000, 0x0000000781700000|  0%| F|  |TAMS 0x0000000781600000, 0x0000000781600000| Untracked 
|  23|0x0000000781700000, 0x0000000781700000, 0x0000000781800000|  0%| F|  |TAMS 0x0000000781700000, 0x0000000781700000| Untracked 
|  24|0x0000000781800000, 0x0000000781800000, 0x0000000781900000|  0%| F|  |TAMS 0x0000000781800000, 0x0000000781800000| Untracked 
|  25|0x0000000781900000, 0x0000000781900000, 0x0000000781a00000|  0%| F|  |TAMS 0x0000000781900000, 0x0000000781900000| Untracked 
|  26|0x0000000781a00000, 0x0000000781a00000, 0x0000000781b00000|  0%| F|  |TAMS 0x0000000781a00000, 0x0000000781a00000| Untracked 
|  27|0x0000000781b00000, 0x0000000781b00000, 0x0000000781c00000|  0%| F|  |TAMS 0x0000000781b00000, 0x0000000781b00000| Untracked 
|  28|0x0000000781c00000, 0x0000000781c00000, 0x0000000781d00000|  0%| F|  |TAMS 0x0000000781c00000, 0x0000000781c00000| Untracked 
|  29|0x0000000781d00000, 0x0000000781d00000, 0x0000000781e00000|  0%| F|  |TAMS 0x0000000781d00000, 0x0000000781d00000| Untracked 
|  30|0x0000000781e00000, 0x0000000781e00000, 0x0000000781f00000|  0%| F|  |TAMS 0x0000000781e00000, 0x0000000781e00000| Untracked 
|  31|0x0000000781f00000, 0x0000000781f00000, 0x0000000782000000|  0%| F|  |TAMS 0x0000000781f00000, 0x0000000781f00000| Untracked 
|  32|0x0000000782000000, 0x0000000782000000, 0x0000000782100000|  0%| F|  |TAMS 0x0000000782000000, 0x0000000782000000| Untracked 
|  33|0x0000000782100000, 0x0000000782100000, 0x0000000782200000|  0%| F|  |TAMS 0x0000000782100000, 0x0000000782100000| Untracked 
|  34|0x0000000782200000, 0x0000000782200000, 0x0000000782300000|  0%| F|  |TAMS 0x0000000782200000, 0x0000000782200000| Untracked 
|  35|0x0000000782300000, 0x0000000782300000, 0x0000000782400000|  0%| F|  |TAMS 0x0000000782300000, 0x0000000782300000| Untracked 
|  36|0x0000000782400000, 0x0000000782400000, 0x0000000782500000|  0%| F|  |TAMS 0x0000000782400000, 0x0000000782400000| Untracked 
|  37|0x0000000782500000, 0x0000000782500000, 0x0000000782600000|  0%| F|  |TAMS 0x0000000782500000, 0x0000000782500000| Untracked 
|  38|0x0000000782600000, 0x0000000782600000, 0x0000000782700000|  0%| F|  |TAMS 0x0000000782600000, 0x0000000782600000| Untracked 
|  39|0x0000000782700000, 0x0000000782700000, 0x0000000782800000|  0%| F|  |TAMS 0x0000000782700000, 0x0000000782700000| Untracked 
|  40|0x0000000782800000, 0x0000000782800000, 0x0000000782900000|  0%| F|  |TAMS 0x0000000782800000, 0x0000000782800000| Untracked 
|  41|0x0000000782900000, 0x0000000782900000, 0x0000000782a00000|  0%| F|  |TAMS 0x0000000782900000, 0x0000000782900000| Untracked 
|  42|0x0000000782a00000, 0x0000000782a00000, 0x0000000782b00000|  0%| F|  |TAMS 0x0000000782a00000, 0x0000000782a00000| Untracked 
|  43|0x0000000782b00000, 0x0000000782b00000, 0x0000000782c00000|  0%| F|  |TAMS 0x0000000782b00000, 0x0000000782b00000| Untracked 
|  44|0x0000000782c00000, 0x0000000782c00000, 0x0000000782d00000|  0%| F|  |TAMS 0x0000000782c00000, 0x0000000782c00000| Untracked 
|  45|0x0000000782d00000, 0x0000000782d00000, 0x0000000782e00000|  0%| F|  |TAMS 0x0000000782d00000, 0x0000000782d00000| Untracked 
|  46|0x0000000782e00000, 0x0000000782e00000, 0x0000000782f00000|  0%| F|  |TAMS 0x0000000782e00000, 0x0000000782e00000| Untracked 
|  47|0x0000000782f00000, 0x0000000782f00000, 0x0000000783000000|  0%| F|  |TAMS 0x0000000782f00000, 0x0000000782f00000| Untracked 
|  48|0x0000000783000000, 0x0000000783000000, 0x0000000783100000|  0%| F|  |TAMS 0x0000000783000000, 0x0000000783000000| Untracked 
|  49|0x0000000783100000, 0x0000000783100000, 0x0000000783200000|  0%| F|  |TAMS 0x0000000783100000, 0x0000000783100000| Untracked 
|  50|0x0000000783200000, 0x0000000783200000, 0x0000000783300000|  0%| F|  |TAMS 0x0000000783200000, 0x0000000783200000| Untracked 
|  51|0x0000000783300000, 0x0000000783300000, 0x0000000783400000|  0%| F|  |TAMS 0x0000000783300000, 0x0000000783300000| Untracked 
|  52|0x0000000783400000, 0x0000000783400000, 0x0000000783500000|  0%| F|  |TAMS 0x0000000783400000, 0x0000000783400000| Untracked 
|  53|0x0000000783500000, 0x0000000783500000, 0x0000000783600000|  0%| F|  |TAMS 0x0000000783500000, 0x0000000783500000| Untracked 
|  54|0x0000000783600000, 0x0000000783600000, 0x0000000783700000|  0%| F|  |TAMS 0x0000000783600000, 0x0000000783600000| Untracked 
|  55|0x0000000783700000, 0x0000000783700000, 0x0000000783800000|  0%| F|  |TAMS 0x0000000783700000, 0x0000000783700000| Untracked 
|  56|0x0000000783800000, 0x0000000783800000, 0x0000000783900000|  0%| F|  |TAMS 0x0000000783800000, 0x0000000783800000| Untracked 
|  57|0x0000000783900000, 0x0000000783900000, 0x0000000783a00000|  0%| F|  |TAMS 0x0000000783900000, 0x0000000783900000| Untracked 
|  58|0x0000000783a00000, 0x0000000783a00000, 0x0000000783b00000|  0%| F|  |TAMS 0x0000000783a00000, 0x0000000783a00000| Untracked 
|  59|0x0000000783b00000, 0x0000000783b00000, 0x0000000783c00000|  0%| F|  |TAMS 0x0000000783b00000, 0x0000000783b00000| Untracked 
|  60|0x0000000783c00000, 0x0000000783c00000, 0x0000000783d00000|  0%| F|  |TAMS 0x0000000783c00000, 0x0000000783c00000| Untracked 
|  61|0x0000000783d00000, 0x0000000783d00000, 0x0000000783e00000|  0%| F|  |TAMS 0x0000000783d00000, 0x0000000783d00000| Untracked 
|  62|0x0000000783e00000, 0x0000000783e00000, 0x0000000783f00000|  0%| F|  |TAMS 0x0000000783e00000, 0x0000000783e00000| Untracked 
|  63|0x0000000783f00000, 0x0000000783f00000, 0x0000000784000000|  0%| F|  |TAMS 0x0000000783f00000, 0x0000000783f00000| Untracked 
|  64|0x0000000784000000, 0x0000000784000000, 0x0000000784100000|  0%| F|  |TAMS 0x0000000784000000, 0x0000000784000000| Untracked 
|  65|0x0000000784100000, 0x0000000784100000, 0x0000000784200000|  0%| F|  |TAMS 0x0000000784100000, 0x0000000784100000| Untracked 
|  66|0x0000000784200000, 0x0000000784200000, 0x0000000784300000|  0%| F|  |TAMS 0x0000000784200000, 0x0000000784200000| Untracked 
|  67|0x0000000784300000, 0x0000000784300000, 0x0000000784400000|  0%| F|  |TAMS 0x0000000784300000, 0x0000000784300000| Untracked 
|  68|0x0000000784400000, 0x0000000784400000, 0x0000000784500000|  0%| F|  |TAMS 0x0000000784400000, 0x0000000784400000| Untracked 
|  69|0x0000000784500000, 0x0000000784500000, 0x0000000784600000|  0%| F|  |TAMS 0x0000000784500000, 0x0000000784500000| Untracked 
|  70|0x0000000784600000, 0x0000000784600000, 0x0000000784700000|  0%| F|  |TAMS 0x0000000784600000, 0x0000000784600000| Untracked 
|  71|0x0000000784700000, 0x0000000784700000, 0x0000000784800000|  0%| F|  |TAMS 0x0000000784700000, 0x0000000784700000| Untracked 
|  72|0x0000000784800000, 0x0000000784800000, 0x0000000784900000|  0%| F|  |TAMS 0x0000000784800000, 0x0000000784800000| Untracked 
|  73|0x0000000784900000, 0x0000000784900000, 0x0000000784a00000|  0%| F|  |TAMS 0x0000000784900000, 0x0000000784900000| Untracked 
|  74|0x0000000784a00000, 0x0000000784a00000, 0x0000000784b00000|  0%| F|  |TAMS 0x0000000784a00000, 0x0000000784a00000| Untracked 
|  75|0x0000000784b00000, 0x0000000784b00000, 0x0000000784c00000|  0%| F|  |TAMS 0x0000000784b00000, 0x0000000784b00000| Untracked 
|  76|0x0000000784c00000, 0x0000000784c00000, 0x0000000784d00000|  0%| F|  |TAMS 0x0000000784c00000, 0x0000000784c00000| Untracked 
|  77|0x0000000784d00000, 0x0000000784d00000, 0x0000000784e00000|  0%| F|  |TAMS 0x0000000784d00000, 0x0000000784d00000| Untracked 
|  78|0x0000000784e00000, 0x0000000784e00000, 0x0000000784f00000|  0%| F|  |TAMS 0x0000000784e00000, 0x0000000784e00000| Untracked 
|  79|0x0000000784f00000, 0x0000000784f00000, 0x0000000785000000|  0%| F|  |TAMS 0x0000000784f00000, 0x0000000784f00000| Untracked 
|  80|0x0000000785000000, 0x0000000785000000, 0x0000000785100000|  0%| F|  |TAMS 0x0000000785000000, 0x0000000785000000| Untracked 
|  81|0x0000000785100000, 0x0000000785100000, 0x0000000785200000|  0%| F|  |TAMS 0x0000000785100000, 0x0000000785100000| Untracked 
|  82|0x0000000785200000, 0x0000000785200000, 0x0000000785300000|  0%| F|  |TAMS 0x0000000785200000, 0x0000000785200000| Untracked 
|  83|0x0000000785300000, 0x0000000785300000, 0x0000000785400000|  0%| F|  |TAMS 0x0000000785300000, 0x0000000785300000| Untracked 
|  84|0x0000000785400000, 0x0000000785400000, 0x0000000785500000|  0%| F|  |TAMS 0x0000000785400000, 0x0000000785400000| Untracked 
|  85|0x0000000785500000, 0x0000000785500000, 0x0000000785600000|  0%| F|  |TAMS 0x0000000785500000, 0x0000000785500000| Untracked 
|  86|0x0000000785600000, 0x0000000785600000, 0x0000000785700000|  0%| F|  |TAMS 0x0000000785600000, 0x0000000785600000| Untracked 
|  87|0x0000000785700000, 0x0000000785700000, 0x0000000785800000|  0%| F|  |TAMS 0x0000000785700000, 0x0000000785700000| Untracked 
|  88|0x0000000785800000, 0x0000000785800000, 0x0000000785900000|  0%| F|  |TAMS 0x0000000785800000, 0x0000000785800000| Untracked 
|  89|0x0000000785900000, 0x0000000785900000, 0x0000000785a00000|  0%| F|  |TAMS 0x0000000785900000, 0x0000000785900000| Untracked 
|  90|0x0000000785a00000, 0x0000000785a00000, 0x0000000785b00000|  0%| F|  |TAMS 0x0000000785a00000, 0x0000000785a00000| Untracked 
|  91|0x0000000785b00000, 0x0000000785b00000, 0x0000000785c00000|  0%| F|  |TAMS 0x0000000785b00000, 0x0000000785b00000| Untracked 
|  92|0x0000000785c00000, 0x0000000785c00000, 0x0000000785d00000|  0%| F|  |TAMS 0x0000000785c00000, 0x0000000785c00000| Untracked 
|  93|0x0000000785d00000, 0x0000000785d00000, 0x0000000785e00000|  0%| F|  |TAMS 0x0000000785d00000, 0x0000000785d00000| Untracked 
|  94|0x0000000785e00000, 0x0000000785e00000, 0x0000000785f00000|  0%| F|  |TAMS 0x0000000785e00000, 0x0000000785e00000| Untracked 
|  95|0x0000000785f00000, 0x0000000785f00000, 0x0000000786000000|  0%| F|  |TAMS 0x0000000785f00000, 0x0000000785f00000| Untracked 
|  96|0x0000000786000000, 0x0000000786000000, 0x0000000786100000|  0%| F|  |TAMS 0x0000000786000000, 0x0000000786000000| Untracked 
|  97|0x0000000786100000, 0x0000000786100000, 0x0000000786200000|  0%| F|  |TAMS 0x0000000786100000, 0x0000000786100000| Untracked 
|  98|0x0000000786200000, 0x0000000786200000, 0x0000000786300000|  0%| F|  |TAMS 0x0000000786200000, 0x0000000786200000| Untracked 
|  99|0x0000000786300000, 0x0000000786300000, 0x0000000786400000|  0%| F|  |TAMS 0x0000000786300000, 0x0000000786300000| Untracked 
| 100|0x0000000786400000, 0x0000000786400000, 0x0000000786500000|  0%| F|  |TAMS 0x0000000786400000, 0x0000000786400000| Untracked 
| 101|0x0000000786500000, 0x0000000786500000, 0x0000000786600000|  0%| F|  |TAMS 0x0000000786500000, 0x0000000786500000| Untracked 
| 102|0x0000000786600000, 0x0000000786700000, 0x0000000786700000|100%| S|CS|TAMS 0x0000000786600000, 0x0000000786600000| Complete 
| 103|0x0000000786700000, 0x0000000786800000, 0x0000000786800000|100%| S|CS|TAMS 0x0000000786700000, 0x0000000786700000| Complete 
| 104|0x0000000786800000, 0x0000000786900000, 0x0000000786900000|100%| S|CS|TAMS 0x0000000786800000, 0x0000000786800000| Complete 
| 105|0x0000000786900000, 0x0000000786900000, 0x0000000786a00000|  0%| F|  |TAMS 0x0000000786900000, 0x0000000786900000| Untracked 
| 106|0x0000000786a00000, 0x0000000786a00000, 0x0000000786b00000|  0%| F|  |TAMS 0x0000000786a00000, 0x0000000786a00000| Untracked 
| 107|0x0000000786b00000, 0x0000000786b00000, 0x0000000786c00000|  0%| F|  |TAMS 0x0000000786b00000, 0x0000000786b00000| Untracked 
| 108|0x0000000786c00000, 0x0000000786c00000, 0x0000000786d00000|  0%| F|  |TAMS 0x0000000786c00000, 0x0000000786c00000| Untracked 
| 109|0x0000000786d00000, 0x0000000786d00000, 0x0000000786e00000|  0%| F|  |TAMS 0x0000000786d00000, 0x0000000786d00000| Untracked 
| 110|0x0000000786e00000, 0x0000000786e00000, 0x0000000786f00000|  0%| F|  |TAMS 0x0000000786e00000, 0x0000000786e00000| Untracked 
| 111|0x0000000786f00000, 0x0000000786f00000, 0x0000000787000000|  0%| F|  |TAMS 0x0000000786f00000, 0x0000000786f00000| Untracked 
| 112|0x0000000787000000, 0x0000000787000000, 0x0000000787100000|  0%| F|  |TAMS 0x0000000787000000, 0x0000000787000000| Untracked 
| 113|0x0000000787100000, 0x0000000787100000, 0x0000000787200000|  0%| F|  |TAMS 0x0000000787100000, 0x0000000787100000| Untracked 
| 114|0x0000000787200000, 0x0000000787200000, 0x0000000787300000|  0%| F|  |TAMS 0x0000000787200000, 0x0000000787200000| Untracked 
| 115|0x0000000787300000, 0x0000000787300000, 0x0000000787400000|  0%| F|  |TAMS 0x0000000787300000, 0x0000000787300000| Untracked 
| 116|0x0000000787400000, 0x0000000787472e50, 0x0000000787500000| 44%| E|  |TAMS 0x0000000787400000, 0x0000000787400000| Complete 
| 117|0x0000000787500000, 0x0000000787600000, 0x0000000787600000|100%| E|CS|TAMS 0x0000000787500000, 0x0000000787500000| Complete 
| 118|0x0000000787600000, 0x0000000787700000, 0x0000000787700000|100%| E|CS|TAMS 0x0000000787600000, 0x0000000787600000| Complete 
| 119|0x0000000787700000, 0x0000000787800000, 0x0000000787800000|100%| E|CS|TAMS 0x0000000787700000, 0x0000000787700000| Complete 
| 120|0x0000000787800000, 0x0000000787900000, 0x0000000787900000|100%| E|CS|TAMS 0x0000000787800000, 0x0000000787800000| Complete 
| 121|0x0000000787900000, 0x0000000787a00000, 0x0000000787a00000|100%| E|CS|TAMS 0x0000000787900000, 0x0000000787900000| Complete 
| 122|0x0000000787a00000, 0x0000000787b00000, 0x0000000787b00000|100%| E|CS|TAMS 0x0000000787a00000, 0x0000000787a00000| Complete 
| 123|0x0000000787b00000, 0x0000000787c00000, 0x0000000787c00000|100%| E|CS|TAMS 0x0000000787b00000, 0x0000000787b00000| Complete 
| 124|0x0000000787c00000, 0x0000000787d00000, 0x0000000787d00000|100%| E|CS|TAMS 0x0000000787c00000, 0x0000000787c00000| Complete 
| 125|0x0000000787d00000, 0x0000000787e00000, 0x0000000787e00000|100%| E|CS|TAMS 0x0000000787d00000, 0x0000000787d00000| Complete 
| 126|0x0000000787e00000, 0x0000000787f00000, 0x0000000787f00000|100%| E|CS|TAMS 0x0000000787e00000, 0x0000000787e00000| Complete 
| 127|0x0000000787f00000, 0x0000000788000000, 0x0000000788000000|100%| E|CS|TAMS 0x0000000787f00000, 0x0000000787f00000| Complete 

Card table byte_map: [0x0000000100f70000,0x0000000101370000] _byte_map_base: 0x00000000fd370000

Marking Bits (Prev, Next): (CMBitMap*) 0x0000000148809210, (CMBitMap*) 0x0000000148809250
 Prev Bits: [0x0000000119364000, 0x000000011b364000)
 Next Bits: [0x000000011b364000, 0x000000011d364000)

Polling page: 0x00000001008c8000

Metaspace:

Usage:
  Non-class:     14.91 MB used.
      Class:      1.98 MB used.
       Both:     16.90 MB used.

Virtual space:
  Non-class space:       16.00 MB reserved,      15.00 MB ( 94%) committed,  2 nodes.
      Class space:        1.00 GB reserved,       2.12 MB ( <1%) committed,  1 nodes.
             Both:        1.02 GB reserved,      17.12 MB (  2%) committed. 

Chunk freelists:
   Non-Class:  456.00 KB
       Class:  1.93 MB
        Both:  2.38 MB

MaxMetaspaceSize: unlimited
CompressedClassSpaceSize: 1.00 GB
Initial GC threshold: 21.00 MB
Current GC threshold: 21.00 MB
CDS: off
MetaspaceReclaimPolicy: balanced
 - commit_granule_bytes: 65536.
 - commit_granule_words: 8192.
 - virtual_space_node_default_size: 1048576.
 - enlarge_chunks_in_place: 1.
 - new_chunks_are_fully_committed: 0.
 - uncommit_free_chunks: 1.
 - use_allocation_guard: 0.
 - handle_deallocations: 1.


Internal statistics:

num_allocs_failed_limit: 0.
num_arena_births: 150.
num_arena_deaths: 0.
num_vsnodes_births: 3.
num_vsnodes_deaths: 0.
num_space_committed: 274.
num_space_uncommitted: 0.
num_chunks_returned_to_freelist: 0.
num_chunks_taken_from_freelist: 472.
num_chunk_merges: 0.
num_chunk_splits: 311.
num_chunks_enlarged: 240.
num_purges: 0.
num_inconsistent_stats: 0.

CodeHeap 'non-profiled nmethods': size=120032Kb used=364Kb max_used=364Kb free=119667Kb
 bounds [0x0000000111e2c000, 0x000000011209c000, 0x0000000119364000]
CodeHeap 'profiled nmethods': size=120016Kb used=2235Kb max_used=2235Kb free=117780Kb
 bounds [0x000000010a8f8000, 0x000000010ab68000, 0x0000000111e2c000]
CodeHeap 'non-nmethods': size=5712Kb used=1318Kb max_used=1353Kb free=4393Kb
 bounds [0x000000010a364000, 0x000000010a5d4000, 0x000000010a8f8000]
 total_blobs=1868 nmethods=1195 adapters=590
 compilation: enabled
              stopped_count=0, restarted_count=0
 full_count=0

Compilation events (20 events):
Event: 2.570 Thread 0x0000000130008200 1230       1       java.lang.reflect.Constructor::getConstructorAccessor (5 bytes)
Event: 2.571 Thread 0x0000000130008200 nmethod 1230 0x0000000111e85a10 code [0x0000000111e85b80, 0x0000000111e85c68]
Event: 2.571 Thread 0x0000000130008200 1231       1       java.lang.reflect.Constructor::getDeclaringClass (5 bytes)
Event: 2.571 Thread 0x0000000130008200 nmethod 1231 0x0000000111e85d10 code [0x0000000111e85e80, 0x0000000111e85f68]
Event: 2.571 Thread 0x0000000130008200 1232       1       java.lang.reflect.Constructor::getRoot (5 bytes)
Event: 2.571 Thread 0x0000000130008200 nmethod 1232 0x0000000111e86010 code [0x0000000111e86180, 0x0000000111e86268]
Event: 2.571 Thread 0x0000000130008200 1233       1       jdk.internal.reflect.DelegatingConstructorAccessorImpl::setDelegate (6 bytes)
Event: 2.571 Thread 0x0000000130008200 nmethod 1233 0x0000000111e86310 code [0x0000000111e86480, 0x0000000111e865e8]
Event: 2.571 Thread 0x0000000130008200 1234       1       jdk.internal.reflect.NativeConstructorAccessorImpl::setParent (6 bytes)
Event: 2.571 Thread 0x0000000130008200 nmethod 1234 0x0000000111e86690 code [0x0000000111e86800, 0x0000000111e86968]
Event: 2.680 Thread 0x0000000130008200 1237       1       java.util.concurrent.locks.AbstractOwnableSynchronizer::setExclusiveOwnerThread (6 bytes)
Event: 2.680 Thread 0x0000000130008200 nmethod 1237 0x0000000111e86a10 code [0x0000000111e86b80, 0x0000000111e86ce8]
Event: 2.747 Thread 0x0000000130008200 1238       1       java.util.concurrent.locks.AbstractQueuedSynchronizer::setState (6 bytes)
Event: 2.747 Thread 0x0000000130008200 nmethod 1238 0x0000000111e86d90 code [0x0000000111e86f00, 0x0000000111e86fe8]
Event: 2.797 Thread 0x0000000130008200 1239       3       java.util.WeakHashMap$HashIterator::hasNext (95 bytes)
Event: 2.798 Thread 0x0000000130008200 nmethod 1239 0x000000010ab26110 code [0x000000010ab26300, 0x000000010ab268e8]
Event: 2.913 Thread 0x0000000130008200 1240       1       com.sun.javafx.tk.quantum.QuantumToolkit$PulseTask::get (5 bytes)
Event: 2.914 Thread 0x0000000130008200 nmethod 1240 0x0000000111e87090 code [0x0000000111e87200, 0x0000000111e872e8]
Event: 2.930 Thread 0x0000000130008200 1241       3       java.util.WeakHashMap::size (18 bytes)
Event: 2.930 Thread 0x0000000130008200 nmethod 1241 0x000000010ab26a90 code [0x000000010ab26c40, 0x000000010ab26e58]

GC Heap History (2 events):
Event: 0.364 GC heap before
{Heap before GC invocations=0 (full 0):
 garbage-first heap   total 131072K, used 22528K [0x0000000780000000, 0x0000000800000000)
  region size 1024K, 23 young (23552K), 0 survivors (0K)
 Metaspace       used 13987K, committed 14272K, reserved 1064960K
  class space    used 1516K, committed 1664K, reserved 1048576K
}
Event: 0.366 GC heap after
{Heap after GC invocations=1 (full 0):
 garbage-first heap   total 131072K, used 3675K [0x0000000780000000, 0x0000000800000000)
  region size 1024K, 3 young (3072K), 3 survivors (3072K)
 Metaspace       used 13987K, committed 14272K, reserved 1064960K
  class space    used 1516K, committed 1664K, reserved 1048576K
}

Deoptimization events (20 events):
Event: 0.370 Thread 0x0000000148929a00 Uncommon trap: trap_request=0xffffffde fr.pc=0x0000000111e729b0 relative=0x00000000000000f0
Event: 0.370 Thread 0x0000000148929a00 Uncommon trap: reason=class_check action=maybe_recompile pc=0x0000000111e729b0 method=jdk.internal.misc.Unsafe.allocateUninitializedArray(Ljava/lang/Class;I)Ljava/lang/Object; @ 51 c2
Event: 0.370 Thread 0x0000000148929a00 DEOPT PACKING pc=0x0000000111e729b0 sp=0x000000016f76a4b0
Event: 0.370 Thread 0x0000000148929a00 DEOPT UNPACKING pc=0x000000010a3a2d1c sp=0x000000016f76a440 mode 2
Event: 0.370 Thread 0x0000000148929a00 Uncommon trap: trap_request=0xffffffde fr.pc=0x0000000111e729b0 relative=0x00000000000000f0
Event: 0.370 Thread 0x0000000148929a00 Uncommon trap: reason=class_check action=maybe_recompile pc=0x0000000111e729b0 method=jdk.internal.misc.Unsafe.allocateUninitializedArray(Ljava/lang/Class;I)Ljava/lang/Object; @ 51 c2
Event: 0.370 Thread 0x0000000148929a00 DEOPT PACKING pc=0x0000000111e729b0 sp=0x000000016f76a4b0
Event: 0.370 Thread 0x0000000148929a00 DEOPT UNPACKING pc=0x000000010a3a2d1c sp=0x000000016f76a440 mode 2
Event: 0.370 Thread 0x0000000148929a00 Uncommon trap: trap_request=0xffffffde fr.pc=0x0000000111e729b0 relative=0x00000000000000f0
Event: 0.370 Thread 0x0000000148929a00 Uncommon trap: reason=class_check action=maybe_recompile pc=0x0000000111e729b0 method=jdk.internal.misc.Unsafe.allocateUninitializedArray(Ljava/lang/Class;I)Ljava/lang/Object; @ 51 c2
Event: 0.370 Thread 0x0000000148929a00 DEOPT PACKING pc=0x0000000111e729b0 sp=0x000000016f76a4b0
Event: 0.370 Thread 0x0000000148929a00 DEOPT UNPACKING pc=0x000000010a3a2d1c sp=0x000000016f76a440 mode 2
Event: 0.370 Thread 0x0000000148929a00 Uncommon trap: trap_request=0xffffffde fr.pc=0x0000000111e729b0 relative=0x00000000000000f0
Event: 0.370 Thread 0x0000000148929a00 Uncommon trap: reason=class_check action=maybe_recompile pc=0x0000000111e729b0 method=jdk.internal.misc.Unsafe.allocateUninitializedArray(Ljava/lang/Class;I)Ljava/lang/Object; @ 51 c2
Event: 0.370 Thread 0x0000000148929a00 DEOPT PACKING pc=0x0000000111e729b0 sp=0x000000016f76a690
Event: 0.370 Thread 0x0000000148929a00 DEOPT UNPACKING pc=0x000000010a3a2d1c sp=0x000000016f76a620 mode 2
Event: 0.396 Thread 0x0000000148929a00 Uncommon trap: trap_request=0xffffff45 fr.pc=0x0000000111e5c444 relative=0x0000000000000044
Event: 0.396 Thread 0x0000000148929a00 Uncommon trap: reason=unstable_if action=reinterpret pc=0x0000000111e5c444 method=java.lang.StringLatin1.canEncode(I)Z @ 4 c2
Event: 0.396 Thread 0x0000000148929a00 DEOPT PACKING pc=0x0000000111e5c444 sp=0x000000016f7692e0
Event: 0.396 Thread 0x0000000148929a00 DEOPT UNPACKING pc=0x000000010a3a2d1c sp=0x000000016f769270 mode 2

Classes unloaded (0 events):
No events

Classes redefined (0 events):
No events

Internal exceptions (18 events):
Event: 0.084 Thread 0x0000000137008200 Exception <a 'java/lang/NoSuchMethodError'{0x0000000787be9e58}: 'java.lang.Object java.lang.invoke.DirectMethodHandle$Holder.invokeStaticInit(java.lang.Object)'> (0x0000000787be9e58) 
thrown [src/hotspot/share/interpreter/linkResolver.cpp, line 759]
Event: 0.085 Thread 0x0000000137008200 Exception <a 'java/lang/NoSuchMethodError'{0x0000000787bf1a68}: 'void java.lang.invoke.DirectMethodHandle$Holder.invokeStatic(java.lang.Object, java.lang.Object)'> (0x0000000787bf1a68) 
thrown [src/hotspot/share/interpreter/linkResolver.cpp, line 759]
Event: 0.107 Thread 0x0000000137008200 Exception <a 'java/lang/NoSuchMethodError'{0x0000000787880108}: 'void java.lang.invoke.DirectMethodHandle$Holder.invokeSpecial(java.lang.Object, java.lang.Object, java.lang.Object)'> (0x0000000787880108) 
thrown [src/hotspot/share/interpreter/linkResolver.cpp, line 759]
Event: 0.111 Thread 0x0000000137008200 Exception <a 'java/lang/NoSuchMethodError'{0x00000007878bf858}: 'void java.lang.invoke.DirectMethodHandle$Holder.invokeStatic(java.lang.Object, java.lang.Object, java.lang.Object)'> (0x00000007878bf858) 
thrown [src/hotspot/share/interpreter/linkResolver.cpp, line 759]
Event: 0.180 Thread 0x0000000137008200 Exception <a 'java/lang/NoSuchMethodError'{0x00000007878dc3d0}: 'int java.lang.invoke.DirectMethodHandle$Holder.invokeStaticInit(java.lang.Object, java.lang.Object, java.lang.Object)'> (0x00000007878dc3d0) 
thrown [src/hotspot/share/interpreter/linkResolver.cpp, line 759]
Event: 0.282 Thread 0x0000000148929a00 Exception <a 'java/lang/NoSuchMethodError'{0x00000007872900d0}: 'void java.lang.invoke.DirectMethodHandle$Holder.invokeStaticInit(java.lang.Object)'> (0x00000007872900d0) 
thrown [src/hotspot/share/interpreter/linkResolver.cpp, line 759]
Event: 0.283 Thread 0x0000000137008200 Exception <a 'java/lang/NoSuchMethodError'{0x0000000787522958}: 'java.lang.Object java.lang.invoke.DirectMethodHandle$Holder.newInvokeSpecial(java.lang.Object, java.lang.Object, java.lang.Object, java.lang.Object, java.lang.Object, java.lang.Object)'> (0x0000000787522958) 
thrown [src/hotspot/share/interpreter/linkResolver.cpp, line 759]
Event: 0.290 Thread 0x0000000137008200 Exception <a 'java/lang/NoSuchMethodError'{0x00000007875502e0}: 'java.lang.Object java.lang.invoke.DirectMethodHandle$Holder.newInvokeSpecial(java.lang.Object, java.lang.Object, java.lang.Object, java.lang.Object, java.lang.Object)'> (0x00000007875502e0) 
thrown [src/hotspot/share/interpreter/linkResolver.cpp, line 759]
Event: 0.291 Thread 0x00000001489b3400 Exception <a 'java/lang/NoSuchMethodError'{0x0000000787193778}: 'void java.lang.invoke.DirectMethodHandle$Holder.invokeStatic(java.lang.Object, java.lang.Object, java.lang.Object, java.lang.Object)'> (0x0000000787193778) 
thrown [src/hotspot/share/interpreter/linkResolver.cpp, line 759]
Event: 0.337 Thread 0x0000000148929a00 Exception <a 'java/lang/NoSuchMethodError'{0x0000000786cab048}: 'java.lang.Object java.lang.invoke.DirectMethodHandle$Holder.invokeStaticInit(java.lang.Object, java.lang.Object, java.lang.Object, java.lang.Object)'> (0x0000000786cab048) 
thrown [src/hotspot/share/interpreter/linkResolver.cpp, line 759]
Event: 0.337 Thread 0x0000000148929a00 Exception <a 'java/lang/NullPointerException'{0x0000000786cb6d10}> (0x0000000786cb6d10) 
thrown [src/hotspot/share/interpreter/linkResolver.cpp, line 1350]
Event: 0.350 Thread 0x0000000148929a00 Exception <a 'java/lang/NoSuchMethodError'{0x0000000786a7ebd0}: 'java.lang.Object java.lang.invoke.DirectMethodHandle$Holder.invokeSpecial(java.lang.Object, java.lang.Object, java.lang.Object, int, java.lang.Object)'> (0x0000000786a7ebd0) 
thrown [src/hotspot/share/interpreter/linkResolver.cpp, line 759]
Event: 0.442 Thread 0x0000000148929a00 Exception <a 'java/lang/NoSuchMethodError'{0x00000007878fefb8}: 'java.lang.Object java.lang.invoke.DirectMethodHandle$Holder.newInvokeSpecial(java.lang.Object, java.lang.Object, int)'> (0x00000007878fefb8) 
thrown [src/hotspot/share/interpreter/linkResolver.cpp, line 759]
Event: 0.471 Thread 0x0000000148901600 Exception <a 'java/lang/NoSuchMethodError'{0x00000007876625b8}: 'int java.lang.invoke.DirectMethodHandle$Holder.invokeStaticInit(java.lang.Object, java.lang.Object)'> (0x00000007876625b8) 
thrown [src/hotspot/share/interpreter/linkResolver.cpp, line 759]
Event: 2.566 Thread 0x0000000148929a00 Exception <a 'java/lang/NoSuchMethodError'{0x00000007875c27b8}: 'long java.lang.invoke.DirectMethodHandle$Holder.invokeStatic(java.lang.Object, java.lang.Object, java.lang.Object)'> (0x00000007875c27b8) 
thrown [src/hotspot/share/interpreter/linkResolver.cpp, line 759]
Event: 2.566 Thread 0x0000000148929a00 Exception <a 'java/lang/NoSuchMethodError'{0x00000007875c5f60}: 'long java.lang.invoke.DirectMethodHandle$Holder.invokeStaticInit(java.lang.Object, java.lang.Object, java.lang.Object)'> (0x00000007875c5f60) 
thrown [src/hotspot/share/interpreter/linkResolver.cpp, line 759]
Event: 2.567 Thread 0x0000000148929a00 Exception <a 'java/lang/NoSuchMethodError'{0x00000007875ddb68}: 'java.lang.Object java.lang.invoke.DirectMethodHandle$Holder.newInvokeSpecial(java.lang.Object, java.lang.Object, long)'> (0x00000007875ddb68) 
thrown [src/hotspot/share/interpreter/linkResolver.cpp, line 759]
Event: 2.568 Thread 0x0000000148929a00 Exception <a 'java/lang/NoSuchMethodError'{0x00000007875e1430}: 'java.lang.Object java.lang.invoke.Invokers$Holder.linkToTargetMethod(java.lang.Object, long, java.lang.Object)'> (0x00000007875e1430) 
thrown [src/hotspot/share/interpreter/linkResolver.cpp, line 759]

VM Operations (14 events):
Event: 0.058 Executing VM operation: HandshakeAllThreads
Event: 0.058 Executing VM operation: HandshakeAllThreads done
Event: 0.070 Executing VM operation: HandshakeAllThreads
Event: 0.070 Executing VM operation: HandshakeAllThreads done
Event: 0.126 Executing VM operation: ICBufferFull
Event: 0.127 Executing VM operation: ICBufferFull done
Event: 0.364 Executing VM operation: G1CollectForAllocation
Event: 0.366 Executing VM operation: G1CollectForAllocation done
Event: 1.371 Executing VM operation: Cleanup
Event: 1.371 Executing VM operation: Cleanup done
Event: 2.376 Executing VM operation: Cleanup
Event: 2.376 Executing VM operation: Cleanup done
Event: 2.543 Executing VM operation: HandshakeAllThreads
Event: 2.543 Executing VM operation: HandshakeAllThreads done

Events (20 events):
Event: 0.468 loading class java/util/TimSort
Event: 0.468 loading class java/util/TimSort done
Event: 0.471 loading class java/lang/invoke/MethodHandle$1
Event: 0.472 loading class java/lang/invoke/MethodHandle$1 done
Event: 0.475 loading class java/io/BufferedReader
Event: 0.475 loading class java/io/BufferedReader done
Event: 0.730 Protecting memory [0x0000000172290000,0x000000017229c000] with protection modes 3
Event: 0.730 Thread 0x000000014713e800 Thread exited: 0x000000014713e800
Event: 1.922 loading class java/util/EnumMap$Values
Event: 1.922 loading class java/util/EnumMap$Values done
Event: 1.922 loading class java/util/EnumMap$ValueIterator
Event: 1.922 loading class java/util/EnumMap$EnumMapIterator
Event: 1.922 loading class java/util/EnumMap$EnumMapIterator done
Event: 1.922 loading class java/util/EnumMap$ValueIterator done
Event: 2.563 Protecting memory [0x0000000172290000,0x000000017229c000] with protection modes 0
Event: 2.563 Thread 0x00000001489b2400 Thread added: 0x00000001489b2400
Event: 2.565 loading class java/util/concurrent/ConcurrentLinkedQueue
Event: 2.565 loading class java/util/concurrent/ConcurrentLinkedQueue done
Event: 2.565 loading class java/util/concurrent/ConcurrentLinkedQueue$Node
Event: 2.565 loading class java/util/concurrent/ConcurrentLinkedQueue$Node done


Dynamic libraries:
0x0000000100880000 	/Library/Java/JavaVirtualMachines/temurin-17.jdk/Contents/Home/lib/libjli.dylib
0x00000001a22de000 	/usr/lib/libz.1.dylib
0x00000001a2395000 	/usr/lib/libSystem.B.dylib
0x00000001a238f000 	/usr/lib/system/libcache.dylib
0x00000001a234d000 	/usr/lib/system/libcommonCrypto.dylib
0x00000001a2376000 	/usr/lib/system/libcompiler_rt.dylib
0x00000001a236d000 	/usr/lib/system/libcopyfile.dylib
0x00000001975b3000 	/usr/lib/system/libcorecrypto.dylib
0x0000000197668000 	/usr/lib/system/libdispatch.dylib
0x0000000197836000 	/usr/lib/system/libdyld.dylib
0x00000001a2385000 	/usr/lib/system/libkeymgr.dylib
0x00000001a2328000 	/usr/lib/system/libmacho.dylib
0x00000001a1a18000 	/usr/lib/system/libquarantine.dylib
0x00000001a2382000 	/usr/lib/system/libremovefile.dylib
0x000000019c9ae000 	/usr/lib/system/libsystem_asl.dylib
0x0000000197555000 	/usr/lib/system/libsystem_blocks.dylib
0x00000001976f0000 	/usr/lib/system/libsystem_c.dylib
0x00000001a237a000 	/usr/lib/system/libsystem_collections.dylib
0x00000001a0ead000 	/usr/lib/system/libsystem_configuration.dylib
0x00000001a0106000 	/usr/lib/system/libsystem_containermanager.dylib
0x00000001a2085000 	/usr/lib/system/libsystem_coreservices.dylib
0x0000000199f67000 	/usr/lib/system/libsystem_darwin.dylib
0x00000001a2386000 	/usr/lib/system/libsystem_dnssd.dylib
0x00000001976ed000 	/usr/lib/system/libsystem_featureflags.dylib
0x000000019784b000 	/usr/lib/system/libsystem_info.dylib
0x00000001a22f0000 	/usr/lib/system/libsystem_m.dylib
0x000000019763d000 	/usr/lib/system/libsystem_malloc.dylib
0x000000019c93c000 	/usr/lib/system/libsystem_networkextension.dylib
0x000000019a3c0000 	/usr/lib/system/libsystem_notify.dylib
0x00000001a86e9000 	/usr/lib/system/libsystem_product_info_filter.dylib
0x00000001a0eb2000 	/usr/lib/system/libsystem_sandbox.dylib
0x00000001a237f000 	/usr/lib/system/libsystem_secinit.dylib
0x00000001977f1000 	/usr/lib/system/libsystem_kernel.dylib
0x0000000197843000 	/usr/lib/system/libsystem_platform.dylib
0x0000000197829000 	/usr/lib/system/libsystem_pthread.dylib
0x000000019e112000 	/usr/lib/system/libsystem_symptoms.dylib
0x0000000197599000 	/usr/lib/system/libsystem_trace.dylib
0x00000001a235a000 	/usr/lib/system/libunwind.dylib
0x0000000197557000 	/usr/lib/system/libxpc.dylib
0x00000001977d9000 	/usr/lib/libc++abi.dylib
0x00000001976af000 	/usr/lib/libobjc.A.dylib
0x00000001a2365000 	/usr/lib/liboah.dylib
0x0000000197772000 	/usr/lib/libc++.1.dylib
0x00000001ae218000 	/System/Library/Frameworks/Cocoa.framework/Versions/A/Cocoa
0x000000019a421000 	/System/Library/Frameworks/AppKit.framework/Versions/C/AppKit
0x000000019d938000 	/System/Library/Frameworks/CoreData.framework/Versions/A/CoreData
0x000000019877c000 	/System/Library/Frameworks/Foundation.framework/Versions/C/Foundation
0x000000019b2da000 	/System/Library/PrivateFrameworks/UIFoundation.framework/Versions/A/UIFoundation
0x00000001a83e3000 	/System/Library/PrivateFrameworks/RemoteViewServices.framework/Versions/A/RemoteViewServices
0x00000001a0854000 	/System/Library/PrivateFrameworks/XCTTargetBootstrap.framework/Versions/A/XCTTargetBootstrap
0x00000001a40d7000 	/System/Library/PrivateFrameworks/InternationalSupport.framework/Versions/A/InternationalSupport
0x00000001a4160000 	/System/Library/PrivateFrameworks/UserActivity.framework/Versions/A/UserActivity
0x00000001a35cc000 	/usr/lib/libspindump.dylib
0x000000019b54b000 	/System/Library/Frameworks/UniformTypeIdentifiers.framework/Versions/A/UniformTypeIdentifiers
0x000000019ed9c000 	/usr/lib/libapp_launch_measurement.dylib
0x000000019e2c4000 	/System/Library/PrivateFrameworks/CoreAnalytics.framework/Versions/A/CoreAnalytics
0x000000019ed9f000 	/System/Library/PrivateFrameworks/CoreAutoLayout.framework/Versions/A/CoreAutoLayout
0x00000001a0143000 	/System/Library/Frameworks/Metal.framework/Versions/A/Metal
0x00000001a0ebd000 	/usr/lib/liblangid.dylib
0x00000001a0859000 	/System/Library/PrivateFrameworks/CoreSVG.framework/Versions/A/CoreSVG
0x000000019c9e2000 	/System/Library/PrivateFrameworks/SkyLight.framework/Versions/A/SkyLight
0x000000019cdbe000 	/System/Library/Frameworks/CoreGraphics.framework/Versions/A/CoreGraphics
0x00000001a8aaf000 	/System/Library/Frameworks/Accelerate.framework/Versions/A/Accelerate
0x00000001a3043000 	/System/Library/PrivateFrameworks/IconServices.framework/Versions/A/IconServices
0x00000001a0125000 	/System/Library/Frameworks/IOSurface.framework/Versions/A/IOSurface
0x000000019e2f5000 	/usr/lib/libDiagnosticMessagesClient.dylib
0x00000001abfb5000 	/System/Library/Frameworks/ApplicationServices.framework/Versions/A/ApplicationServices
0x00000001a083c000 	/System/Library/PrivateFrameworks/DFRFoundation.framework/Versions/A/DFRFoundation
0x0000000199cb1000 	/usr/lib/libicucore.A.dylib
0x00000001a4f85000 	/System/Library/Frameworks/AudioToolbox.framework/Versions/A/AudioToolbox
0x00000001a40e3000 	/System/Library/PrivateFrameworks/DataDetectorsCore.framework/Versions/A/DataDetectorsCore
0x00000001bab01000 	/System/Library/PrivateFrameworks/TextInput.framework/Versions/A/TextInput
0x000000019c957000 	/usr/lib/libMobileGestalt.dylib
0x00000001a0508000 	/System/Library/Frameworks/Carbon.framework/Versions/A/Frameworks/HIToolbox.framework/Versions/A/HIToolbox
0x000000019e775000 	/System/Library/Frameworks/QuartzCore.framework/Versions/A/QuartzCore
0x0000000199932000 	/System/Library/Frameworks/Security.framework/Versions/A/Security
0x00000001a8423000 	/System/Library/Frameworks/Carbon.framework/Versions/A/Frameworks/SpeechRecognition.framework/Versions/A/SpeechRecognition
0x000000019eaf1000 	/System/Library/PrivateFrameworks/CoreUI.framework/Versions/A/CoreUI
0x000000019920e000 	/System/Library/Frameworks/CoreAudio.framework/Versions/A/CoreAudio
0x000000019e3e9000 	/System/Library/Frameworks/DiskArbitration.framework/Versions/A/DiskArbitration
0x00000001a39d6000 	/System/Library/PrivateFrameworks/MultitouchSupport.framework/Versions/A/MultitouchSupport
0x000000019c955000 	/usr/lib/libenergytrace.dylib
0x000000019a2e9000 	/System/Library/Frameworks/IOKit.framework/Versions/A/IOKit
0x00000001a8812000 	/System/Library/Frameworks/CoreServices.framework/Versions/A/CoreServices
0x000000019ed2c000 	/System/Library/PrivateFrameworks/PerformanceAnalysis.framework/Versions/A/PerformanceAnalysis
0x00000001f8fab000 	/System/Library/Frameworks/OpenGL.framework/Versions/A/OpenGL
0x00000001a1930000 	/System/Library/PrivateFrameworks/MobileKeyBag.framework/Versions/A/MobileKeyBag
0x000000019d3cc000 	/System/Library/Frameworks/ColorSync.framework/Versions/A/ColorSync
0x0000000197878000 	/System/Library/Frameworks/CoreFoundation.framework/Versions/A/CoreFoundation
0x00000001a0ad9000 	/System/Library/Frameworks/CoreImage.framework/Versions/A/CoreImage
0x0000000199032000 	/System/Library/Frameworks/CoreText.framework/Versions/A/CoreText
0x00000001a0889000 	/System/Library/Frameworks/ImageIO.framework/Versions/A/ImageIO
0x00000001a239b000 	/System/Library/PrivateFrameworks/SoftLinking.framework/Versions/A/SoftLinking
0x000000019edea000 	/usr/lib/libxml2.2.dylib
0x00000001a2634000 	/usr/lib/libcompression.dylib
0x00000001a4033000 	/System/Library/PrivateFrameworks/TextureIO.framework/Versions/A/TextureIO
0x00000001a2d5c000 	/usr/lib/libate.dylib
0x00000001a2c21000 	/usr/lib/liblzma.5.dylib
0x000000019846f000 	/System/Library/Frameworks/SystemConfiguration.framework/Versions/A/SystemConfiguration
0x00000001a2397000 	/usr/lib/libfakelink.dylib
0x000000019c487000 	/System/Library/Frameworks/CFNetwork.framework/Versions/A/CFNetwork
0x00000001a24dd000 	/usr/lib/libarchive.2.dylib
0x00000001a0eb9000 	/System/Library/PrivateFrameworks/AppleSystemInfo.framework/Versions/A/AppleSystemInfo
0x00000001a1a43000 	/usr/lib/libbsm.0.dylib
0x000000019b9f4000 	/usr/lib/libnetwork.dylib
0x00000001a2331000 	/usr/lib/system/libkxld.dylib
0x00000001a165d000 	/System/Library/PrivateFrameworks/IOMobileFramebuffer.framework/Versions/A/IOMobileFramebuffer
0x000000021739a000 	/usr/lib/libCoreEntitlements.dylib
0x00000001a2067000 	/System/Library/PrivateFrameworks/AppleFSCompression.framework/Versions/A/AppleFSCompression
0x00000001a1a2b000 	/usr/lib/libcoretls.dylib
0x00000001a2c3a000 	/usr/lib/libcoretls_cfhelpers.dylib
0x00000001a262f000 	/usr/lib/libpam.2.dylib
0x000000019dd28000 	/usr/lib/libsqlite3.dylib
0x00000001a2ca3000 	/usr/lib/libxar.1.dylib
0x00000001a2078000 	/usr/lib/libbz2.1.0.dylib
0x00000001a239c000 	/usr/lib/libpcap.A.dylib
0x000000019e109000 	/usr/lib/libdns_services.dylib
0x00000001a2602000 	/usr/lib/libapple_nghttp2.dylib
0x00000001a23d9000 	/usr/lib/libiconv.2.dylib
0x00000001a2327000 	/usr/lib/libcharset.1.dylib
0x000000019ed68000 	/System/Library/Frameworks/CoreServices.framework/Versions/A/Frameworks/FSEvents.framework/Versions/A/FSEvents
0x0000000199f72000 	/System/Library/Frameworks/CoreServices.framework/Versions/A/Frameworks/CarbonCore.framework/Versions/A/CarbonCore
0x000000019e349000 	/System/Library/Frameworks/CoreServices.framework/Versions/A/Frameworks/Metadata.framework/Versions/A/Metadata
0x00000001a208b000 	/System/Library/Frameworks/CoreServices.framework/Versions/A/Frameworks/OSServices.framework/Versions/A/OSServices
0x00000001a2563000 	/System/Library/Frameworks/CoreServices.framework/Versions/A/Frameworks/SearchKit.framework/Versions/A/SearchKit
0x000000019e097000 	/System/Library/Frameworks/CoreServices.framework/Versions/A/Frameworks/AE.framework/Versions/A/AE
0x0000000197dbf000 	/System/Library/Frameworks/CoreServices.framework/Versions/A/Frameworks/LaunchServices.framework/Versions/A/LaunchServices
0x00000001a2bca000 	/System/Library/Frameworks/CoreServices.framework/Versions/A/Frameworks/DictionaryServices.framework/Versions/A/DictionaryServices
0x000000019ed75000 	/System/Library/Frameworks/CoreServices.framework/Versions/A/Frameworks/SharedFileList.framework/Versions/A/SharedFileList
0x00000001a1a1b000 	/usr/lib/libCheckFix.dylib
0x000000019c9c6000 	/System/Library/PrivateFrameworks/TCC.framework/Versions/A/TCC
0x00000001a0ebf000 	/System/Library/PrivateFrameworks/CoreNLP.framework/Versions/A/CoreNLP
0x000000019e2f8000 	/System/Library/PrivateFrameworks/MetadataUtilities.framework/Versions/A/MetadataUtilities
0x0000000198529000 	/usr/lib/libmecabra.dylib
0x00000001a1a54000 	/usr/lib/libmecab.dylib
0x00000001984f5000 	/usr/lib/libCRFSuite.dylib
0x00000001a1ab1000 	/usr/lib/libgermantok.dylib
0x00000001a25db000 	/usr/lib/libThaiTokenizer.dylib
0x000000019e3f1000 	/System/Library/Frameworks/Accelerate.framework/Versions/A/Frameworks/vImage.framework/Versions/A/vImage
0x00000001a87e9000 	/System/Library/Frameworks/Accelerate.framework/Versions/A/Frameworks/vecLib.framework/Versions/A/vecLib
0x00000001a2ce8000 	/System/Library/Frameworks/Accelerate.framework/Versions/A/Frameworks/vecLib.framework/Versions/A/libvMisc.dylib
0x00000001a1564000 	/System/Library/Frameworks/Accelerate.framework/Versions/A/Frameworks/vecLib.framework/Versions/A/libvDSP.dylib
0x000000019814a000 	/System/Library/Frameworks/Accelerate.framework/Versions/A/Frameworks/vecLib.framework/Versions/A/libBLAS.dylib
0x00000001a2705000 	/System/Library/Frameworks/Accelerate.framework/Versions/A/Frameworks/vecLib.framework/Versions/A/libLAPACK.dylib
0x00000001a1ab4000 	/System/Library/Frameworks/Accelerate.framework/Versions/A/Frameworks/vecLib.framework/Versions/A/libLinearAlgebra.dylib
0x00000001a261a000 	/System/Library/Frameworks/Accelerate.framework/Versions/A/Frameworks/vecLib.framework/Versions/A/libSparseBLAS.dylib
0x00000001a2700000 	/System/Library/Frameworks/Accelerate.framework/Versions/A/Frameworks/vecLib.framework/Versions/A/libQuadrature.dylib
0x00000001a0fb8000 	/System/Library/Frameworks/Accelerate.framework/Versions/A/Frameworks/vecLib.framework/Versions/A/libBNNS.dylib
0x0000000198408000 	/System/Library/Frameworks/Accelerate.framework/Versions/A/Frameworks/vecLib.framework/Versions/A/libSparse.dylib
0x00000001a0fb0000 	/System/Library/PrivateFrameworks/LinguisticData.framework/Versions/A/LinguisticData
0x00000001983c0000 	/System/Library/PrivateFrameworks/Lexicon.framework/Versions/A/Lexicon
0x00000001a2ce0000 	/usr/lib/libChineseTokenizer.dylib
0x0000000198b6e000 	/System/Library/PrivateFrameworks/LanguageModeling.framework/Versions/A/LanguageModeling
0x00000001a25dd000 	/System/Library/PrivateFrameworks/AppleSauce.framework/Versions/A/AppleSauce
0x00000001a164a000 	/System/Library/PrivateFrameworks/CoreEmoji.framework/Versions/A/CoreEmoji
0x00000001a24cb000 	/usr/lib/libcmph.dylib
0x000000019ed48000 	/System/Library/Frameworks/OpenDirectory.framework/Versions/A/Frameworks/CFOpenDirectory.framework/Versions/A/CFOpenDirectory
0x000000019ed38000 	/System/Library/Frameworks/OpenDirectory.framework/Versions/A/OpenDirectory
0x00000001a2c3c000 	/System/Library/PrivateFrameworks/APFS.framework/Versions/A/APFS
0x00000001a196b000 	/System/Library/Frameworks/SecurityFoundation.framework/Versions/A/SecurityFoundation
0x00000001a2cb2000 	/usr/lib/libutil.dylib
0x000000019a2ab000 	/System/Library/PrivateFrameworks/CoreServicesStore.framework/Versions/A/CoreServicesStore
0x00000001a2cb6000 	/usr/lib/libxslt.1.dylib
0x00000001a19ff000 	/System/Library/PrivateFrameworks/BackgroundTaskManagement.framework/Versions/A/BackgroundTaskManagement
0x00000001a3f54000 	/System/Library/Frameworks/ImageIO.framework/Versions/A/Resources/libRadiance.dylib
0x00000001a3f5d000 	/System/Library/Frameworks/ImageIO.framework/Versions/A/Resources/libJPEG.dylib
0x00000001a3eae000 	/System/Library/Frameworks/ImageIO.framework/Versions/A/Resources/libPng.dylib
0x00000001a3ed0000 	/System/Library/Frameworks/ImageIO.framework/Versions/A/Resources/libTIFF.dylib
0x00000001a3fb8000 	/System/Library/Frameworks/ImageIO.framework/Versions/A/Resources/libGIF.dylib
0x00000001a38e6000 	/System/Library/Frameworks/ImageIO.framework/Versions/A/Resources/libJP2.dylib
0x00000001a3008000 	/usr/lib/libexpat.1.dylib
0x00000001a38a1000 	/System/Library/PrivateFrameworks/AppleJPEG.framework/Versions/A/AppleJPEG
0x00000001a03c4000 	/System/Library/PrivateFrameworks/FontServices.framework/libFontParser.dylib
0x000000019e03c000 	/System/Library/PrivateFrameworks/RunningBoardServices.framework/Versions/A/RunningBoardServices
0x00000001ae8ef000 	/System/Library/PrivateFrameworks/IOSurfaceAccelerator.framework/Versions/A/IOSurfaceAccelerator
0x00000001a39d2000 	/System/Library/PrivateFrameworks/WatchdogClient.framework/Versions/A/WatchdogClient
0x0000000198c6e000 	/System/Library/Frameworks/CoreDisplay.framework/Versions/A/CoreDisplay
0x00000001a02ae000 	/System/Library/Frameworks/CoreMedia.framework/Versions/A/CoreMedia
0x00000001a0139000 	/System/Library/PrivateFrameworks/IOAccelerator.framework/Versions/A/IOAccelerator
0x000000019eed8000 	/System/Library/Frameworks/CoreVideo.framework/Versions/A/CoreVideo
0x00000001a262d000 	/System/Library/Frameworks/MetalPerformanceShaders.framework/Versions/A/MetalPerformanceShaders
0x00000001a3a11000 	/System/Library/Frameworks/VideoToolbox.framework/Versions/A/VideoToolbox
0x000000019df80000 	/System/Library/PrivateFrameworks/BaseBoard.framework/Versions/A/BaseBoard
0x000000019dd0e000 	/System/Library/PrivateFrameworks/ProtocolBuffer.framework/Versions/A/ProtocolBuffer
0x00000001a3f4f000 	/System/Library/PrivateFrameworks/GPUWrangler.framework/Versions/A/GPUWrangler
0x00000001a3f2f000 	/System/Library/PrivateFrameworks/IOPresentment.framework/Versions/A/IOPresentment
0x00000001a3f57000 	/System/Library/PrivateFrameworks/DSExternalDisplay.framework/Versions/A/DSExternalDisplay
0x00000001f8f9e000 	/System/Library/Frameworks/OpenGL.framework/Versions/A/Libraries/libCoreFSCache.dylib
0x0000000203e68000 	/System/Library/PrivateFrameworks/GPUCompiler.framework/Versions/31001/Libraries/libGPUCompilerUtils.dylib
0x00000001a3fbd000 	/System/Library/PrivateFrameworks/CMCaptureCore.framework/Versions/A/CMCaptureCore
0x00000001a35b9000 	/System/Library/PrivateFrameworks/AppServerSupport.framework/Versions/A/AppServerSupport
0x00000001a5843000 	/System/Library/PrivateFrameworks/perfdata.framework/Versions/A/perfdata
0x0000000198d8e000 	/System/Library/PrivateFrameworks/AudioToolboxCore.framework/Versions/A/AudioToolboxCore
0x00000001a0287000 	/System/Library/PrivateFrameworks/caulk.framework/Versions/A/caulk
0x00000001a5138000 	/usr/lib/libAudioStatistics.dylib
0x00000001b7154000 	/System/Library/PrivateFrameworks/SystemPolicy.framework/Versions/A/SystemPolicy
0x00000001a53a4000 	/usr/lib/libSMC.dylib
0x00000001ae0f6000 	/System/Library/Frameworks/CoreMIDI.framework/Versions/A/CoreMIDI
0x00000001a3e7c000 	/usr/lib/libAudioToolboxUtility.dylib
0x00000001b32b7000 	/System/Library/PrivateFrameworks/OSAServicesClient.framework/Versions/A/OSAServicesClient
0x00000001a5850000 	/usr/lib/libperfcheck.dylib
0x00000001b7c73000 	/usr/lib/libmis.dylib
0x00000001f9000000 	/System/Library/Frameworks/OpenGL.framework/Versions/A/Libraries/libGLU.dylib
0x00000001f8fbf000 	/System/Library/Frameworks/OpenGL.framework/Versions/A/Libraries/libGFXShared.dylib
0x00000001f91ac000 	/System/Library/Frameworks/OpenGL.framework/Versions/A/Libraries/libGL.dylib
0x00000001f8fc8000 	/System/Library/Frameworks/OpenGL.framework/Versions/A/Libraries/libGLImage.dylib
0x00000001f8fbc000 	/System/Library/Frameworks/OpenGL.framework/Versions/A/Libraries/libCVMSPluginSupport.dylib
0x00000001f8fa5000 	/System/Library/Frameworks/OpenGL.framework/Versions/A/Libraries/libCoreVMClient.dylib
0x00000001a0e39000 	/System/Library/Frameworks/MetalPerformanceShaders.framework/Versions/A/Frameworks/MPSCore.framework/Versions/A/MPSCore
0x00000001a1fda000 	/System/Library/Frameworks/MetalPerformanceShaders.framework/Versions/A/Frameworks/MPSImage.framework/Versions/A/MPSImage
0x00000001a1ac9000 	/System/Library/Frameworks/MetalPerformanceShaders.framework/Versions/A/Frameworks/MPSNeuralNetwork.framework/Versions/A/MPSNeuralNetwork
0x00000001a1f02000 	/System/Library/Frameworks/MetalPerformanceShaders.framework/Versions/A/Frameworks/MPSMatrix.framework/Versions/A/MPSMatrix
0x00000001a1cdb000 	/System/Library/Frameworks/MetalPerformanceShaders.framework/Versions/A/Frameworks/MPSRayIntersector.framework/Versions/A/MPSRayIntersector
0x00000001a1f33000 	/System/Library/Frameworks/MetalPerformanceShaders.framework/Versions/A/Frameworks/MPSNDArray.framework/Versions/A/MPSNDArray
0x00000001fbaa7000 	/System/Library/Frameworks/MetalPerformanceShaders.framework/Versions/A/Frameworks/MPSFunctions.framework/Versions/A/MPSFunctions
0x0000000198020000 	/System/Library/PrivateFrameworks/MetalTools.framework/Versions/A/MetalTools
0x00000001a0eb7000 	/System/Library/PrivateFrameworks/AggregateDictionary.framework/Versions/A/AggregateDictionary
0x00000001a2ded000 	/usr/lib/libIOReport.dylib
0x00000001ad10f000 	/System/Library/PrivateFrameworks/ASEProcessing.framework/Versions/A/ASEProcessing
0x00000001a3162000 	/System/Library/PrivateFrameworks/FaceCore.framework/Versions/A/FaceCore
0x00000001a3154000 	/System/Library/PrivateFrameworks/GraphVisualizer.framework/Versions/A/GraphVisualizer
0x0000000203d7f000 	/System/Library/PrivateFrameworks/FontServices.framework/Versions/A/FontServices
0x00000001a3575000 	/System/Library/PrivateFrameworks/OTSVG.framework/Versions/A/OTSVG
0x000000019eaa1000 	/System/Library/Frameworks/ApplicationServices.framework/Versions/A/Frameworks/ATS.framework/Versions/A/Resources/libFontRegistry.dylib
0x00000001a35c2000 	/System/Library/PrivateFrameworks/FontServices.framework/libhvf.dylib
0x0000000203d80000 	/System/Library/PrivateFrameworks/FontServices.framework/libXTFontStaticRegistryData.dylib
0x00000001f934d000 	/System/Library/Frameworks/OpenCL.framework/Versions/A/OpenCL
0x00000001a2fbc000 	/System/Library/PrivateFrameworks/AppleVA.framework/Versions/A/AppleVA
0x00000001a5160000 	/System/Library/Frameworks/ApplicationServices.framework/Versions/A/Frameworks/ATS.framework/Versions/A/ATS
0x000000019d4cb000 	/System/Library/Frameworks/ApplicationServices.framework/Versions/A/Frameworks/HIServices.framework/Versions/A/HIServices
0x00000001a3fc7000 	/System/Library/Frameworks/ApplicationServices.framework/Versions/A/Frameworks/PrintCore.framework/Versions/A/PrintCore
0x00000001a54f7000 	/System/Library/Frameworks/ApplicationServices.framework/Versions/A/Frameworks/QD.framework/Versions/A/QD
0x00000001a54ef000 	/System/Library/Frameworks/ApplicationServices.framework/Versions/A/Frameworks/ColorSyncLegacy.framework/Versions/A/ColorSyncLegacy
0x00000001a514c000 	/System/Library/Frameworks/ApplicationServices.framework/Versions/A/Frameworks/SpeechSynthesis.framework/Versions/A/SpeechSynthesis
0x00000001a3f88000 	/System/Library/Frameworks/ApplicationServices.framework/Versions/A/Frameworks/ATSUI.framework/Versions/A/ATSUI
0x00000001a5484000 	/usr/lib/libcups.2.dylib
0x00000001a585e000 	/System/Library/Frameworks/Kerberos.framework/Versions/A/Kerberos
0x00000001a586f000 	/System/Library/Frameworks/GSS.framework/Versions/A/GSS
0x00000001a51d0000 	/usr/lib/libresolv.9.dylib
0x00000001a35d1000 	/System/Library/PrivateFrameworks/Heimdal.framework/Versions/A/Heimdal
0x00000001ac345000 	/System/Library/Frameworks/Kerberos.framework/Versions/A/Libraries/libHeimdalProxy.dylib
0x000000019e11b000 	/System/Library/Frameworks/Network.framework/Versions/A/Network
0x00000001a3023000 	/usr/lib/libheimdal-asn1.dylib
0x00000001a58bf000 	/System/Library/PrivateFrameworks/CommonAuth.framework/Versions/A/CommonAuth
0x00000001a50c6000 	/System/Library/PrivateFrameworks/AudioSession.framework/Versions/A/AudioSession
0x00000001a30b5000 	/System/Library/PrivateFrameworks/MediaExperience.framework/Versions/A/MediaExperience
0x00000001a4f4b000 	/System/Library/PrivateFrameworks/AudioSession.framework/libSessionUtility.dylib
0x00000001a5503000 	/System/Library/PrivateFrameworks/AudioResourceArbitration.framework/Versions/A/AudioResourceArbitration
0x00000001a96c6000 	/System/Library/PrivateFrameworks/PowerLog.framework/Versions/A/PowerLog
0x00000001a302d000 	/System/Library/PrivateFrameworks/IconFoundation.framework/Versions/A/IconFoundation
0x00000001a840f000 	/System/Library/PrivateFrameworks/SpeechRecognitionCore.framework/Versions/A/SpeechRecognitionCore
0x00000001018d0000 	/Library/Java/JavaVirtualMachines/temurin-17.jdk/Contents/Home/lib/server/libjvm.dylib
0x00000001008dc000 	/Library/Java/JavaVirtualMachines/temurin-17.jdk/Contents/Home/lib/libjimage.dylib
0x0000000100964000 	/Library/Java/JavaVirtualMachines/temurin-17.jdk/Contents/Home/lib/libjava.dylib
0x00000001017f8000 	/Library/Java/JavaVirtualMachines/temurin-17.jdk/Contents/Home/lib/libnio.dylib
0x000000010183c000 	/Library/Java/JavaVirtualMachines/temurin-17.jdk/Contents/Home/lib/libnet.dylib
0x00000001017d8000 	/Library/Java/JavaVirtualMachines/temurin-17.jdk/Contents/Home/lib/libzip.dylib
0x0000000101818000 	/Users/yuri/.openjfx/cache/17/libprism_es2.dylib
0x000000019a26e000 	/System/Library/PrivateFrameworks/CoreServicesInternal.framework/Versions/A/CoreServicesInternal
0x00000001f91b6000 	/System/Library/Frameworks/OpenGL.framework/Versions/A/Resources/GLEngine.bundle/GLEngine
0x00000001f903e000 	/System/Library/Frameworks/OpenGL.framework/Versions/A/Libraries/libGLProgrammability.dylib
0x000000011ff00000 	/System/Library/Extensions/AppleMetalOpenGLRenderer.bundle/Contents/MacOS/AppleMetalOpenGLRenderer
0x00000001f9325000 	/System/Library/Frameworks/OpenGL.framework/Versions/A/Resources/GLRendererFloat.bundle/GLRendererFloat
0x00000001f9ea7000 	/System/Library/Extensions/AGXMetalG14G.bundle/Contents/MacOS/AGXMetalG14G
0x00000001b7c8f000 	/System/Library/PrivateFrameworks/GPURawCounter.framework/Versions/A/GPURawCounter
0x00000001b2420000 	/System/Library/PrivateFrameworks/IOGPU.framework/Versions/A/IOGPU
0x00000001326e0000 	/Users/yuri/.openjfx/cache/17/libglass.dylib
0x00000001a991e000 	/System/Library/Frameworks/FileProvider.framework/Versions/A/FileProvider
0x000000019dee8000 	/System/Library/Frameworks/Accounts.framework/Versions/A/Accounts
0x00000001a9aa2000 	/System/Library/PrivateFrameworks/GenerationalStorage.framework/Versions/A/GenerationalStorage
0x00000001aa665000 	/System/Library/PrivateFrameworks/CoreSymbolication.framework/Versions/A/CoreSymbolication
0x00000001a96ba000 	/System/Library/PrivateFrameworks/SymptomDiagnosticReporter.framework/Versions/A/SymptomDiagnosticReporter
0x000000019b55f000 	/System/Library/PrivateFrameworks/DesktopServicesPriv.framework/Versions/A/DesktopServicesPriv
0x000000019a3d0000 	/usr/lib/libsandbox.1.dylib
0x000000019ef66000 	/System/Library/PrivateFrameworks/UserManagement.framework/Versions/A/UserManagement
0x00000001aa622000 	/System/Library/PrivateFrameworks/DebugSymbols.framework/Versions/A/DebugSymbols
0x00000001a54e2000 	/System/Library/PrivateFrameworks/NetAuth.framework/Versions/A/NetAuth
0x00000001a6400000 	/System/Library/PrivateFrameworks/Sharing.framework/Versions/A/Sharing
0x000000019ef36000 	/System/Library/PrivateFrameworks/login.framework/Versions/A/Frameworks/loginsupport.framework/Versions/A/loginsupport
0x00000001ab859000 	/System/Library/PrivateFrameworks/Apple80211.framework/Versions/A/Apple80211
0x00000001a20be000 	/System/Library/PrivateFrameworks/AuthKit.framework/Versions/A/AuthKit
0x00000001a1746000 	/System/Library/PrivateFrameworks/CoreUtils.framework/Versions/A/CoreUtils
0x00000001a1669000 	/System/Library/Frameworks/CoreWLAN.framework/Versions/A/CoreWLAN
0x00000001a6570000 	/System/Library/Frameworks/IOBluetooth.framework/Versions/A/IOBluetooth
0x00000001ab8b9000 	/System/Library/PrivateFrameworks/CoreWiFi.framework/Versions/A/CoreWiFi
0x00000001aa202000 	/System/Library/PrivateFrameworks/FrontBoardServices.framework/Versions/A/FrontBoardServices
0x00000001aa29a000 	/System/Library/PrivateFrameworks/BoardServices.framework/Versions/A/BoardServices
0x00000001a1959000 	/System/Library/PrivateFrameworks/AssertionServices.framework/Versions/A/AssertionServices
0x00000001aba36000 	/System/Library/PrivateFrameworks/BackBoardServices.framework/Versions/A/BackBoardServices
0x00000001a5956000 	/System/Library/PrivateFrameworks/CorePhoneNumbers.framework/Versions/A/CorePhoneNumbers
0x00000001a51fd000 	/System/Library/PrivateFrameworks/MultiverseSupport.framework/Versions/A/MultiverseSupport
0x00000001abcb8000 	/System/Library/PrivateFrameworks/RemoteServiceDiscovery.framework/Versions/A/RemoteServiceDiscovery
0x00000001a97ea000 	/System/Library/PrivateFrameworks/DiskManagement.framework/Versions/A/DiskManagement
0x00000001a96ed000 	/System/Library/PrivateFrameworks/AppleIDAuthSupport.framework/Versions/A/AppleIDAuthSupport
0x00000001fe2e4000 	/System/Library/PrivateFrameworks/AAAFoundation.framework/Versions/A/AAAFoundation
0x00000001a5935000 	/System/Library/PrivateFrameworks/KeychainCircle.framework/Versions/A/KeychainCircle
0x00000001abcc8000 	/System/Library/PrivateFrameworks/RemoteXPC.framework/Versions/A/RemoteXPC
0x00000001a97b6000 	/System/Library/PrivateFrameworks/MediaKit.framework/Versions/A/MediaKit
0x00000001a96fa000 	/System/Library/Frameworks/DiscRecording.framework/Versions/A/DiscRecording
0x00000001a2f38000 	/usr/lib/libCoreStorage.dylib
0x00000001abd34000 	/usr/lib/libcsfde.dylib
0x00000001a6645000 	/System/Library/PrivateFrameworks/ProtectedCloudStorage.framework/Versions/A/ProtectedCloudStorage
0x00000001abd2c000 	/System/Library/PrivateFrameworks/EFILogin.framework/Versions/A/EFILogin
0x00000001a9ac9000 	/System/Library/PrivateFrameworks/OctagonTrust.framework/Versions/A/OctagonTrust
0x0000000202f06000 	/System/Library/PrivateFrameworks/CoreUtilsExtras.framework/Versions/A/CoreUtilsExtras
0x00000001a961f000 	/System/Library/Frameworks/CoreBluetooth.framework/Versions/A/CoreBluetooth
0x00000001ac3ca000 	/System/Library/Frameworks/AudioUnit.framework/Versions/A/AudioUnit
0x00000001a2f30000 	/usr/lib/libMatch.1.dylib
0x00000001bc177000 	/System/Library/Frameworks/Accelerate.framework/Versions/A/Frameworks/vImage.framework/Versions/A/Libraries/libCGInterfaces.dylib
0x0000000135368000 	/usr/lib/libobjc-trampolines.dylib
0x000000019ec30000 	/System/Library/PrivateFrameworks/ViewBridge.framework/Versions/A/ViewBridge
0x0000000135fac000 	/Users/yuri/.openjfx/cache/17/libjavafx_font.dylib
0x00000001a3694000 	/System/Library/PrivateFrameworks/login.framework/Versions/A/login
0x00000002174f7000 	/usr/lib/libRosetta.dylib


VM Arguments:
jvm_args: --module-path=/Users/yuri/.m2/repository/org/openjfx/javafx-base/17/javafx-base-17-mac-aarch64.jar:/Users/yuri/.m2/repository/org/openjfx/javafx-base/17/javafx-base-17.jar:/Users/yuri/.m2/repository/org/openjfx/javafx-controls/17/javafx-controls-17-mac-aarch64.jar:/Users/yuri/.m2/repository/org/openjfx/javafx-controls/17/javafx-controls-17.jar:/Users/yuri/.m2/repository/org/openjfx/javafx-fxml/17/javafx-fxml-17-mac-aarch64.jar:/Users/yuri/.m2/repository/org/openjfx/javafx-fxml/17/javafx-fxml-17.jar:/Users/yuri/.m2/repository/org/openjfx/javafx-graphics/17/javafx-graphics-17-mac-aarch64.jar:/Users/yuri/.m2/repository/org/openjfx/javafx-graphics/17/javafx-graphics-17.jar --add-modules=javafx.base,javafx.base,javafx.controls,javafx.controls,javafx.fxml,javafx.fxml,javafx.graphics,javafx.graphics 
java_command: space.harbour.tictactoe.TicTacToeApp
java_class_path (initial): /Users/yuri/Desktop/HarbourSpace/Java/foundations-programming-java/TicTacToeFx/target/classes
Launcher Type: SUN_STANDARD

[Global flags]
     intx CICompilerCount                          = 4                                         {product} {ergonomic}
     uint ConcGCThreads                            = 2                                         {product} {ergonomic}
     uint G1ConcRefinementThreads                  = 8                                         {product} {ergonomic}
   size_t G1HeapRegionSize                         = 1048576                                   {product} {ergonomic}
    uintx GCDrainStackTargetSize                   = 64                                        {product} {ergonomic}
   size_t InitialHeapSize                          = 134217728                                 {product} {ergonomic}
   size_t MarkStackSize                            = 4194304                                   {product} {ergonomic}
   size_t MaxHeapSize                              = 2147483648                                {product} {ergonomic}
   size_t MaxNewSize                               = 1287651328                                {product} {ergonomic}
   size_t MinHeapDeltaBytes                        = 1048576                                   {product} {ergonomic}
   size_t MinHeapSize                              = 8388608                                   {product} {ergonomic}
    uintx NonNMethodCodeHeapSize                   = 5839564                                {pd product} {ergonomic}
    uintx NonProfiledCodeHeapSize                  = 122909338                              {pd product} {ergonomic}
    uintx ProfiledCodeHeapSize                     = 122909338                              {pd product} {ergonomic}
    uintx ReservedCodeCacheSize                    = 251658240                              {pd product} {ergonomic}
     bool SegmentedCodeCache                       = true                                      {product} {ergonomic}
   size_t SoftMaxHeapSize                          = 2147483648                             {manageable} {ergonomic}
     bool UseCompressedClassPointers               = true                           {product lp64_product} {ergonomic}
     bool UseCompressedOops                        = true                           {product lp64_product} {ergonomic}
     bool UseG1GC                                  = true                                      {product} {ergonomic}
     bool UseNUMA                                  = false                                     {product} {ergonomic}
     bool UseNUMAInterleaving                      = false                                     {product} {ergonomic}

Logging:
Log output configuration:
 #0: stdout all=warning uptime,level,tags
 #1: stderr all=off uptime,level,tags

Environment Variables:
PATH=/Users/yuri/.nvm/versions/node/v12.13.1/bin:/opt/homebrew/bin:/opt/homebrew/sbin:/usr/local/bin:/usr/bin:/bin:/usr/sbin:/sbin:/Applications/VMware Fusion Tech Preview.app/Contents/Public:/usr/local/share/dotnet:~/.dotnet/tools:/Library/Apple/usr/bin
SHELL=/bin/zsh
LC_CTYPE=en_US.UTF-8
TMPDIR=/var/folders/9v/c8y3pr_x3b55kgxmqmdysyqh0000gn/T/

Signal Handlers:
   SIGSEGV: crash_handler in libjvm.dylib, mask=11100110000111110111111111111111, flags=SA_RESTART|SA_SIGINFO
    SIGBUS: crash_handler in libjvm.dylib, mask=11100110000111110111111111111111, flags=SA_RESTART|SA_SIGINFO
    SIGFPE: crash_handler in libjvm.dylib, mask=11100110000111110111111111111111, flags=SA_RESTART|SA_SIGINFO
   SIGPIPE: javaSignalHandler in libjvm.dylib, mask=11100110000111110111111111111111, flags=SA_RESTART|SA_SIGINFO
   SIGXFSZ: javaSignalHandler in libjvm.dylib, mask=11100110000111110111111111111111, flags=SA_RESTART|SA_SIGINFO
    SIGILL: crash_handler in libjvm.dylib, mask=11100110000111110111111111111111, flags=SA_RESTART|SA_SIGINFO
   SIGUSR2: SR_handler in libjvm.dylib, mask=00100000000000000000000000000000, flags=SA_RESTART|SA_SIGINFO
    SIGHUP: UserHandler in libjvm.dylib, mask=11100110000111110111111111111111, flags=SA_RESTART|SA_SIGINFO
    SIGINT: UserHandler in libjvm.dylib, mask=11100110000111110111111111111111, flags=SA_RESTART|SA_SIGINFO
   SIGTERM: UserHandler in libjvm.dylib, mask=11100110000111110111111111111111, flags=SA_RESTART|SA_SIGINFO
   SIGQUIT: UserHandler in libjvm.dylib, mask=11100110000111110111111111111111, flags=SA_RESTART|SA_SIGINFO
  *** Handler was modified!
  *** Expected: javaSignalHandler in libjvm.dylib, mask=11100110100111111111111111111111, flags=SA_RESTART|SA_SIGINFO
   SIGTRAP: crash_handler in libjvm.dylib, mask=11100110000111110111111111111111, flags=SA_RESTART|SA_SIGINFO


---------------  S Y S T E M  ---------------

OS:
uname: Darwin 21.6.0 Darwin Kernel Version 21.6.0: Mon Aug 22 20:20:07 PDT 2022; root:xnu-8020.140.49~2/RELEASE_ARM64_T8110 arm64
OS uptime: 1 days 18:19 hours
rlimit (soft/hard): STACK 8176k/65520k , CORE 0k/infinity , NPROC 1333/2000 , NOFILE 10240/infinity , AS infinity/infinity , CPU infinity/infinity , DATA infinity/infinity , FSIZE infinity/infinity , MEMLOCK infinity/infinity , RSS infinity/infinity
load average: 2.00 2.03 1.74

CPU: total 8 (initial active 8) 0x61:0x0:0xda33d83d:0, fp, simd, crc, lse

Memory: 16k page, physical 8388608k(157184k free), swap 2097152k(1105216k free)

vm_info: OpenJDK 64-Bit Server VM (17.0.4.1+1) for bsd-aarch64 JRE (17.0.4.1+1), built on Aug 17 2022 13:50:23 by "temurin" with clang Apple LLVM 12.0.0 (clang-1200.0.32.29)

END.
